{"/Users/pz/workspace/claude-code-assistant/packages/mobile/src/ThemeProvider.tsx": {"path":"/Users/pz/workspace/claude-code-assistant/packages/mobile/src/ThemeProvider.tsx","statementMap":{"0":{"start":{"line":15,"column":23},"end":{"line":15,"column":39}},"1":{"start":{"line":16,"column":21},"end":{"line":16,"column":57}},"2":{"start":{"line":16,"column":45},"end":{"line":16,"column":56}},"3":{"start":{"line":17,"column":18},"end":{"line":17,"column":57}},"4":{"start":{"line":17,"column":42},"end":{"line":17,"column":56}},"5":{"start":{"line":19,"column":15},"end":{"line":19,"column":40}},"6":{"start":{"line":20,"column":17},"end":{"line":24,"column":26}},"7":{"start":{"line":21,"column":4},"end":{"line":21,"column":37}},"8":{"start":{"line":21,"column":25},"end":{"line":21,"column":37}},"9":{"start":{"line":22,"column":4},"end":{"line":22,"column":39}},"10":{"start":{"line":22,"column":26},"end":{"line":22,"column":39}},"11":{"start":{"line":23,"column":4},"end":{"line":23,"column":35}},"12":{"start":{"line":26,"column":35},"end":{"line":35,"column":3}},"13":{"start":{"line":27,"column":11},"end":{"line":33,"column":5}},"14":{"start":{"line":37,"column":2},"end":{"line":37,"column":81}}},"fnMap":{"0":{"name":"ThemeProvider","decl":{"start":{"line":14,"column":16},"end":{"line":14,"column":29}},"loc":{"start":{"line":14,"column":64},"end":{"line":38,"column":1}},"line":14},"1":{"name":"(anonymous_1)","decl":{"start":{"line":16,"column":38},"end":{"line":16,"column":39}},"loc":{"start":{"line":16,"column":45},"end":{"line":16,"column":56}},"line":16},"2":{"name":"(anonymous_2)","decl":{"start":{"line":17,"column":35},"end":{"line":17,"column":36}},"loc":{"start":{"line":17,"column":42},"end":{"line":17,"column":56}},"line":17},"3":{"name":"(anonymous_3)","decl":{"start":{"line":20,"column":25},"end":{"line":20,"column":26}},"loc":{"start":{"line":20,"column":31},"end":{"line":24,"column":3}},"line":20},"4":{"name":"(anonymous_4)","decl":{"start":{"line":27,"column":4},"end":{"line":27,"column":5}},"loc":{"start":{"line":27,"column":11},"end":{"line":33,"column":5}},"line":27}},"branchMap":{"0":{"loc":{"start":{"line":19,"column":15},"end":{"line":19,"column":40}},"type":"binary-expr","locations":[{"start":{"line":19,"column":15},"end":{"line":19,"column":26}},{"start":{"line":19,"column":30},"end":{"line":19,"column":40}}],"line":19},"1":{"loc":{"start":{"line":21,"column":4},"end":{"line":21,"column":37}},"type":"if","locations":[{"start":{"line":21,"column":4},"end":{"line":21,"column":37}},{"start":{},"end":{}}],"line":21},"2":{"loc":{"start":{"line":22,"column":4},"end":{"line":22,"column":39}},"type":"if","locations":[{"start":{"line":22,"column":4},"end":{"line":22,"column":39}},{"start":{},"end":{}}],"line":22},"3":{"loc":{"start":{"line":30,"column":15},"end":{"line":30,"column":50}},"type":"cond-expr","locations":[{"start":{"line":30,"column":24},"end":{"line":30,"column":35}},{"start":{"line":30,"column":38},"end":{"line":30,"column":50}}],"line":30}},"s":{"0":104,"1":104,"2":313,"3":104,"4":313,"5":104,"6":104,"7":104,"8":2,"9":102,"10":102,"11":0,"12":104,"13":104,"14":104},"f":{"0":104,"1":313,"2":313,"3":104,"4":104},"b":{"0":[104,2],"1":[2,102],"2":[102,0],"3":[2,102]},"_coverageSchema":"1a1c01bbd47fc00a2c39e90264f33305004495a9","hash":"6207ca40a8a4f330243b539faa47b41a32ff182e"}
,"/Users/pz/workspace/claude-code-assistant/packages/mobile/src/components/chat/AIActionsBar.tsx": {"path":"/Users/pz/workspace/claude-code-assistant/packages/mobile/src/components/chat/AIActionsBar.tsx","statementMap":{"0":{"start":{"line":21,"column":30},"end":{"line":21,"column":40}},"1":{"start":{"line":23,"column":28},"end":{"line":28,"column":3}},"2":{"start":{"line":30,"column":2},"end":{"line":67,"column":4}},"3":{"start":{"line":33,"column":8},"end":{"line":64,"column":20}},"4":{"start":{"line":36,"column":34},"end":{"line":47,"column":11}}},"fnMap":{"0":{"name":"AIActionsBar","decl":{"start":{"line":20,"column":16},"end":{"line":20,"column":28}},"loc":{"start":{"line":20,"column":90},"end":{"line":68,"column":1}},"line":20},"1":{"name":"(anonymous_1)","decl":{"start":{"line":32,"column":19},"end":{"line":32,"column":20}},"loc":{"start":{"line":33,"column":8},"end":{"line":64,"column":20}},"line":33},"2":{"name":"(anonymous_2)","decl":{"start":{"line":36,"column":17},"end":{"line":36,"column":18}},"loc":{"start":{"line":36,"column":34},"end":{"line":47,"column":11}},"line":36}},"branchMap":{"0":{"loc":{"start":{"line":25,"column":27},"end":{"line":25,"column":77}},"type":"cond-expr","locations":[{"start":{"line":25,"column":53},"end":{"line":25,"column":70}},{"start":{"line":25,"column":73},"end":{"line":25,"column":77}}],"line":25},"1":{"loc":{"start":{"line":44,"column":23},"end":{"line":44,"column":41}},"type":"cond-expr","locations":[{"start":{"line":44,"column":33},"end":{"line":44,"column":37}},{"start":{"line":44,"column":40},"end":{"line":44,"column":41}}],"line":44},"2":{"loc":{"start":{"line":45,"column":31},"end":{"line":45,"column":84}},"type":"cond-expr","locations":[{"start":{"line":45,"column":49},"end":{"line":45,"column":68}},{"start":{"line":45,"column":71},"end":{"line":45,"column":84}}],"line":45},"3":{"loc":{"start":{"line":52,"column":19},"end":{"line":52,"column":66}},"type":"cond-expr","locations":[{"start":{"line":52,"column":37},"end":{"line":52,"column":52}},{"start":{"line":52,"column":55},"end":{"line":52,"column":66}}],"line":52},"4":{"loc":{"start":{"line":54,"column":11},"end":{"line":63,"column":11}},"type":"binary-expr","locations":[{"start":{"line":54,"column":11},"end":{"line":54,"column":23}},{"start":{"line":55,"column":12},"end":{"line":62,"column":19}}],"line":54},"5":{"loc":{"start":{"line":58,"column":23},"end":{"line":58,"column":70}},"type":"cond-expr","locations":[{"start":{"line":58,"column":41},"end":{"line":58,"column":56}},{"start":{"line":58,"column":59},"end":{"line":58,"column":70}}],"line":58}},"s":{"0":5,"1":5,"2":5,"3":20,"4":20},"f":{"0":5,"1":20,"2":20},"b":{"0":[1,4],"1":[0,20],"2":[1,19],"3":[1,19],"4":[20,20],"5":[1,19]},"_coverageSchema":"1a1c01bbd47fc00a2c39e90264f33305004495a9","hash":"0b59ba4ccec7c91607a3cd102bb84901c8d39520"}
,"/Users/pz/workspace/claude-code-assistant/packages/mobile/src/components/chat/AIBubble.tsx": {"path":"/Users/pz/workspace/claude-code-assistant/packages/mobile/src/components/chat/AIBubble.tsx","statementMap":{"0":{"start":{"line":11,"column":35},"end":{"line":11,"column":37}},"1":{"start":{"line":12,"column":16},"end":{"line":12,"column":44}},"2":{"start":{"line":13,"column":13},"end":{"line":13,"column":14}},"3":{"start":{"line":15,"column":12},"end":{"line":15,"column":13}},"4":{"start":{"line":16,"column":2},"end":{"line":30,"column":3}},"5":{"start":{"line":17,"column":4},"end":{"line":19,"column":5}},"6":{"start":{"line":18,"column":6},"end":{"line":18,"column":75}},"7":{"start":{"line":20,"column":4},"end":{"line":28,"column":5}},"8":{"start":{"line":21,"column":6},"end":{"line":21,"column":84}},"9":{"start":{"line":22,"column":11},"end":{"line":28,"column":5}},"10":{"start":{"line":23,"column":6},"end":{"line":27,"column":8}},"11":{"start":{"line":29,"column":4},"end":{"line":29,"column":27}},"12":{"start":{"line":31,"column":2},"end":{"line":33,"column":3}},"13":{"start":{"line":32,"column":4},"end":{"line":32,"column":60}},"14":{"start":{"line":34,"column":2},"end":{"line":34,"column":15}},"15":{"start":{"line":38,"column":30},"end":{"line":38,"column":40}},"16":{"start":{"line":39,"column":2},"end":{"line":61,"column":4}}},"fnMap":{"0":{"name":"renderContent","decl":{"start":{"line":9,"column":9},"end":{"line":9,"column":22}},"loc":{"start":{"line":9,"column":37},"end":{"line":35,"column":1}},"line":9},"1":{"name":"AIBubble","decl":{"start":{"line":37,"column":16},"end":{"line":37,"column":24}},"loc":{"start":{"line":37,"column":56},"end":{"line":62,"column":1}},"line":37}},"branchMap":{"0":{"loc":{"start":{"line":17,"column":4},"end":{"line":19,"column":5}},"type":"if","locations":[{"start":{"line":17,"column":4},"end":{"line":19,"column":5}},{"start":{},"end":{}}],"line":17},"1":{"loc":{"start":{"line":20,"column":4},"end":{"line":28,"column":5}},"type":"if","locations":[{"start":{"line":20,"column":4},"end":{"line":28,"column":5}},{"start":{"line":22,"column":11},"end":{"line":28,"column":5}}],"line":20},"2":{"loc":{"start":{"line":22,"column":11},"end":{"line":28,"column":5}},"type":"if","locations":[{"start":{"line":22,"column":11},"end":{"line":28,"column":5}},{"start":{},"end":{}}],"line":22},"3":{"loc":{"start":{"line":31,"column":2},"end":{"line":33,"column":3}},"type":"if","locations":[{"start":{"line":31,"column":2},"end":{"line":33,"column":3}},{"start":{},"end":{}}],"line":31}},"s":{"0":4,"1":4,"2":4,"3":4,"4":4,"5":0,"6":0,"7":0,"8":0,"9":0,"10":0,"11":0,"12":4,"13":4,"14":4,"15":4,"16":4},"f":{"0":4,"1":4},"b":{"0":[0,0],"1":[0,0],"2":[0,0],"3":[4,0]},"_coverageSchema":"1a1c01bbd47fc00a2c39e90264f33305004495a9","hash":"6c65f2b75563b6f32b9d429bb3e53be9a0638df5"}
,"/Users/pz/workspace/claude-code-assistant/packages/mobile/src/components/chat/CodeBlock.tsx": {"path":"/Users/pz/workspace/claude-code-assistant/packages/mobile/src/components/chat/CodeBlock.tsx","statementMap":{"0":{"start":{"line":13,"column":30},"end":{"line":13,"column":40}},"1":{"start":{"line":14,"column":2},"end":{"line":72,"column":4}},"2":{"start":{"line":38,"column":25},"end":{"line":38,"column":39}},"3":{"start":{"line":39,"column":34},"end":{"line":39,"column":67}}},"fnMap":{"0":{"name":"CodeBlock","decl":{"start":{"line":12,"column":16},"end":{"line":12,"column":25}},"loc":{"start":{"line":12,"column":61},"end":{"line":73,"column":1}},"line":12},"1":{"name":"(anonymous_1)","decl":{"start":{"line":38,"column":19},"end":{"line":38,"column":20}},"loc":{"start":{"line":38,"column":25},"end":{"line":38,"column":39}},"line":38},"2":{"name":"(anonymous_2)","decl":{"start":{"line":39,"column":17},"end":{"line":39,"column":18}},"loc":{"start":{"line":39,"column":34},"end":{"line":39,"column":67}},"line":39}},"branchMap":{"0":{"loc":{"start":{"line":35,"column":11},"end":{"line":35,"column":29}},"type":"binary-expr","locations":[{"start":{"line":35,"column":11},"end":{"line":35,"column":19}},{"start":{"line":35,"column":23},"end":{"line":35,"column":29}}],"line":35},"1":{"loc":{"start":{"line":39,"column":46},"end":{"line":39,"column":64}},"type":"cond-expr","locations":[{"start":{"line":39,"column":56},"end":{"line":39,"column":60}},{"start":{"line":39,"column":63},"end":{"line":39,"column":64}}],"line":39}},"s":{"0":2,"1":2,"2":1,"3":2},"f":{"0":2,"1":1,"2":2},"b":{"0":[2,1],"1":[0,2]},"_coverageSchema":"1a1c01bbd47fc00a2c39e90264f33305004495a9","hash":"5b7ffcebfc2c213adb5612dba7223867ca324e97"}
,"/Users/pz/workspace/claude-code-assistant/packages/mobile/src/components/chat/MessageRow.tsx": {"path":"/Users/pz/workspace/claude-code-assistant/packages/mobile/src/components/chat/MessageRow.tsx","statementMap":{"0":{"start":{"line":19,"column":22},"end":{"line":19,"column":32}},"1":{"start":{"line":21,"column":2},"end":{"line":27,"column":3}},"2":{"start":{"line":22,"column":4},"end":{"line":26,"column":6}},"3":{"start":{"line":30,"column":2},"end":{"line":54,"column":4}}},"fnMap":{"0":{"name":"MessageRow","decl":{"start":{"line":18,"column":16},"end":{"line":18,"column":26}},"loc":{"start":{"line":18,"column":86},"end":{"line":55,"column":1}},"line":18}},"branchMap":{"0":{"loc":{"start":{"line":21,"column":2},"end":{"line":27,"column":3}},"type":"if","locations":[{"start":{"line":21,"column":2},"end":{"line":27,"column":3}},{"start":{},"end":{}}],"line":21},"1":{"loc":{"start":{"line":32,"column":7},"end":{"line":38,"column":7}},"type":"binary-expr","locations":[{"start":{"line":32,"column":7},"end":{"line":32,"column":34}},{"start":{"line":32,"column":38},"end":{"line":32,"column":59}},{"start":{"line":33,"column":8},"end":{"line":37,"column":10}}],"line":32},"2":{"loc":{"start":{"line":39,"column":7},"end":{"line":41,"column":7}},"type":"binary-expr","locations":[{"start":{"line":39,"column":7},"end":{"line":39,"column":35}},{"start":{"line":40,"column":8},"end":{"line":40,"column":76}}],"line":39},"3":{"loc":{"start":{"line":42,"column":7},"end":{"line":44,"column":7}},"type":"binary-expr","locations":[{"start":{"line":42,"column":7},"end":{"line":42,"column":35}},{"start":{"line":42,"column":39},"end":{"line":42,"column":55}},{"start":{"line":43,"column":8},"end":{"line":43,"column":52}}],"line":42},"4":{"loc":{"start":{"line":45,"column":7},"end":{"line":52,"column":7}},"type":"binary-expr","locations":[{"start":{"line":45,"column":7},"end":{"line":45,"column":35}},{"start":{"line":46,"column":8},"end":{"line":51,"column":10}}],"line":45}},"s":{"0":4,"1":4,"2":2,"3":2},"f":{"0":4},"b":{"0":[2,2],"1":[2,0,0],"2":[2,2],"3":[2,0,0],"4":[2,2]},"_coverageSchema":"1a1c01bbd47fc00a2c39e90264f33305004495a9","hash":"13d820170b92cbe90f8cbf946bc6c9a9e9275786"}
,"/Users/pz/workspace/claude-code-assistant/packages/mobile/src/components/chat/SourceItem.tsx": {"path":"/Users/pz/workspace/claude-code-assistant/packages/mobile/src/components/chat/SourceItem.tsx","statementMap":{"0":{"start":{"line":11,"column":30},"end":{"line":11,"column":40}},"1":{"start":{"line":14,"column":17},"end":{"line":14,"column":62}},"2":{"start":{"line":16,"column":2},"end":{"line":48,"column":4}}},"fnMap":{"0":{"name":"SourceItem","decl":{"start":{"line":10,"column":16},"end":{"line":10,"column":26}},"loc":{"start":{"line":10,"column":57},"end":{"line":49,"column":1}},"line":10}},"branchMap":{},"s":{"0":4,"1":4,"2":4},"f":{"0":4},"b":{},"_coverageSchema":"1a1c01bbd47fc00a2c39e90264f33305004495a9","hash":"db41cb8d52bb8817efab5abda672570af438f409"}
,"/Users/pz/workspace/claude-code-assistant/packages/mobile/src/components/chat/StreamingIndicator.tsx": {"path":"/Users/pz/workspace/claude-code-assistant/packages/mobile/src/components/chat/StreamingIndicator.tsx","statementMap":{"0":{"start":{"line":5,"column":30},"end":{"line":5,"column":40}},"1":{"start":{"line":7,"column":2},"end":{"line":14,"column":4}},"2":{"start":{"line":17,"column":22},"end":{"line":24,"column":2}}},"fnMap":{"0":{"name":"StreamingIndicator","decl":{"start":{"line":4,"column":16},"end":{"line":4,"column":34}},"loc":{"start":{"line":4,"column":37},"end":{"line":15,"column":1}},"line":4}},"branchMap":{},"s":{"0":3,"1":3,"2":2},"f":{"0":3},"b":{},"_coverageSchema":"1a1c01bbd47fc00a2c39e90264f33305004495a9","hash":"b7c2d56825c59e2cf5d370851be4d1dc6c7e0547"}
,"/Users/pz/workspace/claude-code-assistant/packages/mobile/src/components/chat/ThinkingCard.tsx": {"path":"/Users/pz/workspace/claude-code-assistant/packages/mobile/src/components/chat/ThinkingCard.tsx","statementMap":{"0":{"start":{"line":15,"column":30},"end":{"line":15,"column":40}},"1":{"start":{"line":16,"column":2},"end":{"line":90,"column":4}},"2":{"start":{"line":20,"column":32},"end":{"line":30,"column":9}},"3":{"start":{"line":59,"column":12},"end":{"line":85,"column":19}}},"fnMap":{"0":{"name":"ThinkingCard","decl":{"start":{"line":14,"column":16},"end":{"line":14,"column":28}},"loc":{"start":{"line":14,"column":104},"end":{"line":91,"column":1}},"line":14},"1":{"name":"(anonymous_1)","decl":{"start":{"line":20,"column":15},"end":{"line":20,"column":16}},"loc":{"start":{"line":20,"column":32},"end":{"line":30,"column":9}},"line":20},"2":{"name":"(anonymous_2)","decl":{"start":{"line":58,"column":21},"end":{"line":58,"column":22}},"loc":{"start":{"line":59,"column":12},"end":{"line":85,"column":19}},"line":59}},"branchMap":{"0":{"loc":{"start":{"line":14,"column":75},"end":{"line":14,"column":93}},"type":"default-arg","locations":[{"start":{"line":14,"column":88},"end":{"line":14,"column":93}}],"line":14},"1":{"loc":{"start":{"line":28,"column":21},"end":{"line":28,"column":39}},"type":"cond-expr","locations":[{"start":{"line":28,"column":31},"end":{"line":28,"column":35}},{"start":{"line":28,"column":38},"end":{"line":28,"column":39}}],"line":28},"2":{"loc":{"start":{"line":53,"column":41},"end":{"line":53,"column":71}},"type":"cond-expr","locations":[{"start":{"line":53,"column":54},"end":{"line":53,"column":62}},{"start":{"line":53,"column":65},"end":{"line":53,"column":71}}],"line":53},"3":{"loc":{"start":{"line":56,"column":7},"end":{"line":88,"column":7}},"type":"binary-expr","locations":[{"start":{"line":56,"column":7},"end":{"line":56,"column":17}},{"start":{"line":57,"column":8},"end":{"line":87,"column":15}}],"line":56},"4":{"loc":{"start":{"line":65,"column":35},"end":{"line":65,"column":63}},"type":"cond-expr","locations":[{"start":{"line":65,"column":58},"end":{"line":65,"column":59}},{"start":{"line":65,"column":62},"end":{"line":65,"column":63}}],"line":65}},"s":{"0":4,"1":4,"2":4,"3":2},"f":{"0":4,"1":4,"2":2},"b":{"0":[2],"1":[0,4],"2":[1,3],"3":[4,1],"4":[1,1]},"_coverageSchema":"1a1c01bbd47fc00a2c39e90264f33305004495a9","hash":"45e27d9ad0fe9791f0d89d2b1901f8a990bf78be"}
,"/Users/pz/workspace/claude-code-assistant/packages/mobile/src/components/chat/ToolCallCard.tsx": {"path":"/Users/pz/workspace/claude-code-assistant/packages/mobile/src/components/chat/ToolCallCard.tsx","statementMap":{"0":{"start":{"line":14,"column":30},"end":{"line":14,"column":40}},"1":{"start":{"line":15,"column":22},"end":{"line":15,"column":51}},"2":{"start":{"line":17,"column":2},"end":{"line":81,"column":4}},"3":{"start":{"line":30,"column":32},"end":{"line":38,"column":9}},"4":{"start":{"line":76,"column":12},"end":{"line":76,"column":104}}},"fnMap":{"0":{"name":"ToolCallCard","decl":{"start":{"line":13,"column":16},"end":{"line":13,"column":28}},"loc":{"start":{"line":13,"column":80},"end":{"line":82,"column":1}},"line":13},"1":{"name":"(anonymous_1)","decl":{"start":{"line":30,"column":15},"end":{"line":30,"column":16}},"loc":{"start":{"line":30,"column":32},"end":{"line":38,"column":9}},"line":30},"2":{"name":"(anonymous_2)","decl":{"start":{"line":75,"column":32},"end":{"line":75,"column":33}},"loc":{"start":{"line":76,"column":12},"end":{"line":76,"column":104}},"line":76}},"branchMap":{"0":{"loc":{"start":{"line":13,"column":51},"end":{"line":13,"column":69}},"type":"default-arg","locations":[{"start":{"line":13,"column":64},"end":{"line":13,"column":69}}],"line":13},"1":{"loc":{"start":{"line":15,"column":22},"end":{"line":15,"column":51}},"type":"binary-expr","locations":[{"start":{"line":15,"column":22},"end":{"line":15,"column":46}},{"start":{"line":15,"column":50},"end":{"line":15,"column":51}}],"line":15},"2":{"loc":{"start":{"line":36,"column":29},"end":{"line":36,"column":70}},"type":"cond-expr","locations":[{"start":{"line":36,"column":39},"end":{"line":36,"column":54}},{"start":{"line":36,"column":57},"end":{"line":36,"column":70}}],"line":36},"3":{"loc":{"start":{"line":60,"column":13},"end":{"line":60,"column":55}},"type":"binary-expr","locations":[{"start":{"line":60,"column":13},"end":{"line":60,"column":28}},{"start":{"line":60,"column":32},"end":{"line":60,"column":55}}],"line":60},"4":{"loc":{"start":{"line":69,"column":45},"end":{"line":69,"column":77}},"type":"cond-expr","locations":[{"start":{"line":69,"column":58},"end":{"line":69,"column":66}},{"start":{"line":69,"column":69},"end":{"line":69,"column":77}}],"line":69},"5":{"loc":{"start":{"line":73,"column":7},"end":{"line":79,"column":7}},"type":"binary-expr","locations":[{"start":{"line":73,"column":7},"end":{"line":73,"column":17}},{"start":{"line":73,"column":21},"end":{"line":73,"column":37}},{"start":{"line":73,"column":41},"end":{"line":73,"column":68}},{"start":{"line":74,"column":8},"end":{"line":78,"column":15}}],"line":73}},"s":{"0":3,"1":3,"2":3,"3":3,"4":2},"f":{"0":3,"1":3,"2":2},"b":{"0":[2],"1":[3,0],"2":[0,3],"3":[3,3],"4":[1,2],"5":[3,1,1,1]},"_coverageSchema":"1a1c01bbd47fc00a2c39e90264f33305004495a9","hash":"a78061f7e8f01fd724bf741afeab1178962ed80d"}
,"/Users/pz/workspace/claude-code-assistant/packages/mobile/src/components/chat/UserBubble.tsx": {"path":"/Users/pz/workspace/claude-code-assistant/packages/mobile/src/components/chat/UserBubble.tsx","statementMap":{"0":{"start":{"line":10,"column":30},"end":{"line":10,"column":40}},"1":{"start":{"line":11,"column":2},"end":{"line":31,"column":4}}},"fnMap":{"0":{"name":"UserBubble","decl":{"start":{"line":9,"column":16},"end":{"line":9,"column":26}},"loc":{"start":{"line":9,"column":58},"end":{"line":32,"column":1}},"line":9}},"branchMap":{},"s":{"0":4,"1":4},"f":{"0":4},"b":{},"_coverageSchema":"1a1c01bbd47fc00a2c39e90264f33305004495a9","hash":"817ed743313aed591a48548ab16d1599bb9316de"}
,"/Users/pz/workspace/claude-code-assistant/packages/mobile/src/components/chrome/DynamicIsland.tsx": {"path":"/Users/pz/workspace/claude-code-assistant/packages/mobile/src/components/chrome/DynamicIsland.tsx","statementMap":{"0":{"start":{"line":4,"column":2},"end":{"line":19,"column":4}}},"fnMap":{"0":{"name":"DynamicIsland","decl":{"start":{"line":3,"column":16},"end":{"line":3,"column":29}},"loc":{"start":{"line":3,"column":32},"end":{"line":20,"column":1}},"line":3}},"branchMap":{},"s":{"0":16},"f":{"0":16},"b":{},"_coverageSchema":"1a1c01bbd47fc00a2c39e90264f33305004495a9","hash":"c2f873e462fd9c3249d05e5e8371f084c8bdecab"}
,"/Users/pz/workspace/claude-code-assistant/packages/mobile/src/components/chrome/HomeIndicator.tsx": {"path":"/Users/pz/workspace/claude-code-assistant/packages/mobile/src/components/chrome/HomeIndicator.tsx","statementMap":{"0":{"start":{"line":5,"column":22},"end":{"line":5,"column":32}},"1":{"start":{"line":6,"column":2},"end":{"line":25,"column":4}}},"fnMap":{"0":{"name":"HomeIndicator","decl":{"start":{"line":4,"column":16},"end":{"line":4,"column":29}},"loc":{"start":{"line":4,"column":32},"end":{"line":26,"column":1}},"line":4}},"branchMap":{},"s":{"0":16,"1":16},"f":{"0":16},"b":{},"_coverageSchema":"1a1c01bbd47fc00a2c39e90264f33305004495a9","hash":"5633a6e97f4d04d24bdad33bc398df4b1d34701a"}
,"/Users/pz/workspace/claude-code-assistant/packages/mobile/src/components/chrome/StatusBar.tsx": {"path":"/Users/pz/workspace/claude-code-assistant/packages/mobile/src/components/chrome/StatusBar.tsx","statementMap":{"0":{"start":{"line":7,"column":22},"end":{"line":7,"column":32}},"1":{"start":{"line":8,"column":2},"end":{"line":37,"column":4}}},"fnMap":{"0":{"name":"StatusBar","decl":{"start":{"line":6,"column":16},"end":{"line":6,"column":25}},"loc":{"start":{"line":6,"column":28},"end":{"line":38,"column":1}},"line":6}},"branchMap":{},"s":{"0":16,"1":16},"f":{"0":16},"b":{},"_coverageSchema":"1a1c01bbd47fc00a2c39e90264f33305004495a9","hash":"4baa88aa6377d249bd1f767392e2ff0bd7effddb"}
,"/Users/pz/workspace/claude-code-assistant/packages/mobile/src/components/common/Avatar.tsx": {"path":"/Users/pz/workspace/claude-code-assistant/packages/mobile/src/components/common/Avatar.tsx","statementMap":{"0":{"start":{"line":12,"column":22},"end":{"line":12,"column":32}},"1":{"start":{"line":13,"column":13},"end":{"line":13,"column":37}},"2":{"start":{"line":14,"column":2},"end":{"line":38,"column":4}}},"fnMap":{"0":{"name":"Avatar","decl":{"start":{"line":11,"column":16},"end":{"line":11,"column":22}},"loc":{"start":{"line":11,"column":66},"end":{"line":39,"column":1}},"line":11}},"branchMap":{"0":{"loc":{"start":{"line":11,"column":32},"end":{"line":11,"column":41}},"type":"default-arg","locations":[{"start":{"line":11,"column":39},"end":{"line":11,"column":41}}],"line":11},"1":{"loc":{"start":{"line":13,"column":13},"end":{"line":13,"column":37}},"type":"binary-expr","locations":[{"start":{"line":13,"column":13},"end":{"line":13,"column":18}},{"start":{"line":13,"column":22},"end":{"line":13,"column":37}}],"line":13}},"s":{"0":24,"1":24,"2":24},"f":{"0":24},"b":{"0":[1],"1":[24,9]},"_coverageSchema":"1a1c01bbd47fc00a2c39e90264f33305004495a9","hash":"df489306509ba9e859b67a26b6b579aaa81774d8"}
,"/Users/pz/workspace/claude-code-assistant/packages/mobile/src/components/common/Icon.tsx": {"path":"/Users/pz/workspace/claude-code-assistant/packages/mobile/src/components/common/Icon.tsx","statementMap":{"0":{"start":{"line":14,"column":16},"end":{"line":14,"column":194}},"1":{"start":{"line":15,"column":2},"end":{"line":58,"column":3}},"2":{"start":{"line":16,"column":19},"end":{"line":16,"column":164}},"3":{"start":{"line":17,"column":22},"end":{"line":17,"column":88}},"4":{"start":{"line":18,"column":20},"end":{"line":18,"column":126}},"5":{"start":{"line":19,"column":18},"end":{"line":19,"column":205}},"6":{"start":{"line":20,"column":18},"end":{"line":20,"column":327}},"7":{"start":{"line":21,"column":17},"end":{"line":21,"column":125}},"8":{"start":{"line":22,"column":16},"end":{"line":22,"column":242}},"9":{"start":{"line":23,"column":17},"end":{"line":23,"column":141}},"10":{"start":{"line":24,"column":16},"end":{"line":24,"column":223}},"11":{"start":{"line":25,"column":18},"end":{"line":25,"column":190}},"12":{"start":{"line":26,"column":16},"end":{"line":26,"column":205}},"13":{"start":{"line":27,"column":19},"end":{"line":27,"column":187}},"14":{"start":{"line":28,"column":18},"end":{"line":28,"column":138}},"15":{"start":{"line":29,"column":18},"end":{"line":29,"column":142}},"16":{"start":{"line":30,"column":18},"end":{"line":30,"column":102}},"17":{"start":{"line":31,"column":21},"end":{"line":31,"column":103}},"18":{"start":{"line":32,"column":17},"end":{"line":32,"column":160}},"19":{"start":{"line":33,"column":17},"end":{"line":33,"column":195}},"20":{"start":{"line":34,"column":23},"end":{"line":34,"column":119}},"21":{"start":{"line":35,"column":18},"end":{"line":35,"column":243}},"22":{"start":{"line":36,"column":18},"end":{"line":36,"column":119}},"23":{"start":{"line":37,"column":17},"end":{"line":37,"column":141}},"24":{"start":{"line":38,"column":18},"end":{"line":38,"column":217}},"25":{"start":{"line":39,"column":16},"end":{"line":39,"column":134}},"26":{"start":{"line":40,"column":19},"end":{"line":40,"column":151}},"27":{"start":{"line":41,"column":17},"end":{"line":41,"column":156}},"28":{"start":{"line":42,"column":16},"end":{"line":42,"column":84}},"29":{"start":{"line":43,"column":17},"end":{"line":43,"column":170}},"30":{"start":{"line":44,"column":17},"end":{"line":44,"column":161}},"31":{"start":{"line":45,"column":19},"end":{"line":45,"column":86}},"32":{"start":{"line":46,"column":17},"end":{"line":46,"column":162}},"33":{"start":{"line":47,"column":18},"end":{"line":47,"column":194}},"34":{"start":{"line":48,"column":19},"end":{"line":48,"column":127}},"35":{"start":{"line":49,"column":17},"end":{"line":49,"column":188}},"36":{"start":{"line":50,"column":17},"end":{"line":50,"column":189}},"37":{"start":{"line":51,"column":18},"end":{"line":51,"column":165}},"38":{"start":{"line":52,"column":21},"end":{"line":52,"column":145}},"39":{"start":{"line":53,"column":17},"end":{"line":53,"column":139}},"40":{"start":{"line":54,"column":17},"end":{"line":54,"column":678}},"41":{"start":{"line":55,"column":19},"end":{"line":55,"column":175}},"42":{"start":{"line":56,"column":21},"end":{"line":56,"column":116}},"43":{"start":{"line":57,"column":17},"end":{"line":57,"column":216}}},"fnMap":{"0":{"name":"Icon","decl":{"start":{"line":13,"column":16},"end":{"line":13,"column":20}},"loc":{"start":{"line":13,"column":71},"end":{"line":59,"column":1}},"line":13}},"branchMap":{"0":{"loc":{"start":{"line":13,"column":29},"end":{"line":13,"column":38}},"type":"default-arg","locations":[{"start":{"line":13,"column":36},"end":{"line":13,"column":38}}],"line":13},"1":{"loc":{"start":{"line":15,"column":2},"end":{"line":58,"column":3}},"type":"switch","locations":[{"start":{"line":16,"column":4},"end":{"line":16,"column":164}},{"start":{"line":17,"column":4},"end":{"line":17,"column":88}},{"start":{"line":18,"column":4},"end":{"line":18,"column":126}},{"start":{"line":19,"column":4},"end":{"line":19,"column":205}},{"start":{"line":20,"column":4},"end":{"line":20,"column":327}},{"start":{"line":21,"column":4},"end":{"line":21,"column":125}},{"start":{"line":22,"column":4},"end":{"line":22,"column":242}},{"start":{"line":23,"column":4},"end":{"line":23,"column":141}},{"start":{"line":24,"column":4},"end":{"line":24,"column":223}},{"start":{"line":25,"column":4},"end":{"line":25,"column":190}},{"start":{"line":26,"column":4},"end":{"line":26,"column":205}},{"start":{"line":27,"column":4},"end":{"line":27,"column":187}},{"start":{"line":28,"column":4},"end":{"line":28,"column":138}},{"start":{"line":29,"column":4},"end":{"line":29,"column":142}},{"start":{"line":30,"column":4},"end":{"line":30,"column":102}},{"start":{"line":31,"column":4},"end":{"line":31,"column":103}},{"start":{"line":32,"column":4},"end":{"line":32,"column":160}},{"start":{"line":33,"column":4},"end":{"line":33,"column":195}},{"start":{"line":34,"column":4},"end":{"line":34,"column":119}},{"start":{"line":35,"column":4},"end":{"line":35,"column":243}},{"start":{"line":36,"column":4},"end":{"line":36,"column":119}},{"start":{"line":37,"column":4},"end":{"line":37,"column":141}},{"start":{"line":38,"column":4},"end":{"line":38,"column":217}},{"start":{"line":39,"column":4},"end":{"line":39,"column":134}},{"start":{"line":40,"column":4},"end":{"line":40,"column":151}},{"start":{"line":41,"column":4},"end":{"line":41,"column":156}},{"start":{"line":42,"column":4},"end":{"line":42,"column":84}},{"start":{"line":43,"column":4},"end":{"line":43,"column":170}},{"start":{"line":44,"column":4},"end":{"line":44,"column":161}},{"start":{"line":45,"column":4},"end":{"line":45,"column":86}},{"start":{"line":46,"column":4},"end":{"line":46,"column":162}},{"start":{"line":47,"column":4},"end":{"line":47,"column":194}},{"start":{"line":48,"column":4},"end":{"line":48,"column":127}},{"start":{"line":49,"column":4},"end":{"line":49,"column":188}},{"start":{"line":50,"column":4},"end":{"line":50,"column":189}},{"start":{"line":51,"column":4},"end":{"line":51,"column":165}},{"start":{"line":52,"column":4},"end":{"line":52,"column":145}},{"start":{"line":53,"column":4},"end":{"line":53,"column":139}},{"start":{"line":54,"column":4},"end":{"line":54,"column":678}},{"start":{"line":55,"column":4},"end":{"line":55,"column":175}},{"start":{"line":56,"column":4},"end":{"line":56,"column":116}},{"start":{"line":57,"column":4},"end":{"line":57,"column":216}}],"line":15}},"s":{"0":450,"1":450,"2":10,"3":0,"4":0,"5":7,"6":1,"7":35,"8":23,"9":9,"10":7,"11":5,"12":0,"13":5,"14":5,"15":28,"16":26,"17":30,"18":9,"19":6,"20":6,"21":7,"22":16,"23":1,"24":13,"25":0,"26":12,"27":12,"28":12,"29":8,"30":8,"31":1,"32":1,"33":97,"34":5,"35":6,"36":1,"37":8,"38":9,"39":0,"40":0,"41":7,"42":7,"43":7},"f":{"0":450},"b":{"0":[20],"1":[10,0,0,7,1,35,23,9,7,5,0,5,5,28,26,30,9,6,6,7,16,1,13,0,12,12,12,8,8,1,1,97,5,6,1,8,9,0,0,7,7,7]},"_coverageSchema":"1a1c01bbd47fc00a2c39e90264f33305004495a9","hash":"cc47f6e39fa22323cbd14c5ea4e72e9cbeee2ee8"}
,"/Users/pz/workspace/claude-code-assistant/packages/mobile/src/components/common/Pill.tsx": {"path":"/Users/pz/workspace/claude-code-assistant/packages/mobile/src/components/common/Pill.tsx","statementMap":{"0":{"start":{"line":13,"column":30},"end":{"line":13,"column":40}},"1":{"start":{"line":14,"column":2},"end":{"line":30,"column":4}},"2":{"start":{"line":17,"column":30},"end":{"line":17,"column":131}}},"fnMap":{"0":{"name":"Pill","decl":{"start":{"line":12,"column":16},"end":{"line":12,"column":20}},"loc":{"start":{"line":12,"column":73},"end":{"line":31,"column":1}},"line":12},"1":{"name":"(anonymous_1)","decl":{"start":{"line":17,"column":13},"end":{"line":17,"column":14}},"loc":{"start":{"line":17,"column":30},"end":{"line":17,"column":131}},"line":17}},"branchMap":{"0":{"loc":{"start":{"line":17,"column":42},"end":{"line":17,"column":60}},"type":"cond-expr","locations":[{"start":{"line":17,"column":52},"end":{"line":17,"column":56}},{"start":{"line":17,"column":59},"end":{"line":17,"column":60}}],"line":17},"1":{"loc":{"start":{"line":18,"column":26},"end":{"line":18,"column":71}},"type":"binary-expr","locations":[{"start":{"line":18,"column":26},"end":{"line":18,"column":44}},{"start":{"line":18,"column":48},"end":{"line":18,"column":71}}],"line":18},"2":{"loc":{"start":{"line":18,"column":59},"end":{"line":18,"column":69}},"type":"binary-expr","locations":[{"start":{"line":18,"column":59},"end":{"line":18,"column":63}},{"start":{"line":18,"column":67},"end":{"line":18,"column":69}}],"line":18},"3":{"loc":{"start":{"line":23,"column":7},"end":{"line":27,"column":7}},"type":"binary-expr","locations":[{"start":{"line":23,"column":7},"end":{"line":23,"column":11}},{"start":{"line":24,"column":8},"end":{"line":26,"column":15}}],"line":23}},"s":{"0":12,"1":12,"2":12},"f":{"0":12,"1":12},"b":{"0":[0,12],"1":[12,2],"2":[2,1],"3":[12,11]},"_coverageSchema":"1a1c01bbd47fc00a2c39e90264f33305004495a9","hash":"084d83f8504a36872830d0b6e4cd45114f040d2c"}
,"/Users/pz/workspace/claude-code-assistant/packages/mobile/src/components/common/ToolCard.tsx": {"path":"/Users/pz/workspace/claude-code-assistant/packages/mobile/src/components/common/ToolCard.tsx","statementMap":{"0":{"start":{"line":15,"column":30},"end":{"line":15,"column":40}},"1":{"start":{"line":16,"column":19},"end":{"line":16,"column":48}},"2":{"start":{"line":17,"column":2},"end":{"line":42,"column":4}},"3":{"start":{"line":20,"column":30},"end":{"line":23,"column":7}}},"fnMap":{"0":{"name":"ToolCard","decl":{"start":{"line":14,"column":16},"end":{"line":14,"column":24}},"loc":{"start":{"line":14,"column":98},"end":{"line":43,"column":1}},"line":14},"1":{"name":"(anonymous_1)","decl":{"start":{"line":20,"column":13},"end":{"line":20,"column":14}},"loc":{"start":{"line":20,"column":30},"end":{"line":23,"column":7}},"line":20}},"branchMap":{"0":{"loc":{"start":{"line":14,"column":58},"end":{"line":14,"column":67}},"type":"default-arg","locations":[{"start":{"line":14,"column":65},"end":{"line":14,"column":67}}],"line":14},"1":{"loc":{"start":{"line":16,"column":19},"end":{"line":16,"column":48}},"type":"cond-expr","locations":[{"start":{"line":16,"column":31},"end":{"line":16,"column":41}},{"start":{"line":16,"column":44},"end":{"line":16,"column":48}}],"line":16},"2":{"loc":{"start":{"line":21,"column":49},"end":{"line":21,"column":67}},"type":"cond-expr","locations":[{"start":{"line":21,"column":59},"end":{"line":21,"column":63}},{"start":{"line":21,"column":66},"end":{"line":21,"column":67}}],"line":21},"3":{"loc":{"start":{"line":22,"column":8},"end":{"line":22,"column":53}},"type":"binary-expr","locations":[{"start":{"line":22,"column":8},"end":{"line":22,"column":17}},{"start":{"line":22,"column":21},"end":{"line":22,"column":53}}],"line":22},"4":{"loc":{"start":{"line":33,"column":14},"end":{"line":33,"column":135}},"type":"cond-expr","locations":[{"start":{"line":33,"column":26},"end":{"line":33,"column":130}},{"start":{"line":33,"column":133},"end":{"line":33,"column":135}}],"line":33},"5":{"loc":{"start":{"line":38,"column":63},"end":{"line":38,"column":88}},"type":"cond-expr","locations":[{"start":{"line":38,"column":75},"end":{"line":38,"column":80}},{"start":{"line":38,"column":83},"end":{"line":38,"column":88}}],"line":38}},"s":{"0":59,"1":59,"2":59,"3":59},"f":{"0":59,"1":59},"b":{"0":[2],"1":[11,48],"2":[0,59],"3":[59,11],"4":[11,48],"5":[11,48]},"_coverageSchema":"1a1c01bbd47fc00a2c39e90264f33305004495a9","hash":"7cdb1d688e28e64a26814564aef69890f60d5fbf"}
,"/Users/pz/workspace/claude-code-assistant/packages/mobile/src/components/drawer/SettingsDrawer.tsx": {"path":"/Users/pz/workspace/claude-code-assistant/packages/mobile/src/components/drawer/SettingsDrawer.tsx","statementMap":{"0":{"start":{"line":36,"column":30},"end":{"line":36,"column":40}},"1":{"start":{"line":37,"column":2},"end":{"line":62,"column":4}},"2":{"start":{"line":40,"column":30},"end":{"line":43,"column":7}},"3":{"start":{"line":68,"column":30},"end":{"line":68,"column":40}},"4":{"start":{"line":69,"column":57},"end":{"line":73,"column":3}},"5":{"start":{"line":75,"column":2},"end":{"line":103,"column":4}},"6":{"start":{"line":78,"column":23},"end":{"line":78,"column":42}},"7":{"start":{"line":79,"column":8},"end":{"line":100,"column":10}},"8":{"start":{"line":82,"column":27},"end":{"line":82,"column":46}},"9":{"start":{"line":111,"column":30},"end":{"line":111,"column":40}},"10":{"start":{"line":112,"column":2},"end":{"line":119,"column":4}},"11":{"start":{"line":125,"column":30},"end":{"line":125,"column":40}},"12":{"start":{"line":126,"column":21},"end":{"line":126,"column":61}},"13":{"start":{"line":128,"column":20},"end":{"line":128,"column":56}},"14":{"start":{"line":128,"column":44},"end":{"line":128,"column":55}},"15":{"start":{"line":129,"column":23},"end":{"line":129,"column":62}},"16":{"start":{"line":129,"column":47},"end":{"line":129,"column":61}},"17":{"start":{"line":130,"column":25},"end":{"line":130,"column":66}},"18":{"start":{"line":130,"column":49},"end":{"line":130,"column":65}},"19":{"start":{"line":131,"column":28},"end":{"line":131,"column":72}},"20":{"start":{"line":131,"column":52},"end":{"line":131,"column":71}},"21":{"start":{"line":132,"column":22},"end":{"line":132,"column":60}},"22":{"start":{"line":132,"column":46},"end":{"line":132,"column":59}},"23":{"start":{"line":133,"column":25},"end":{"line":133,"column":66}},"24":{"start":{"line":133,"column":49},"end":{"line":133,"column":65}},"25":{"start":{"line":134,"column":19},"end":{"line":134,"column":54}},"26":{"start":{"line":134,"column":43},"end":{"line":134,"column":53}},"27":{"start":{"line":135,"column":19},"end":{"line":135,"column":54}},"28":{"start":{"line":135,"column":43},"end":{"line":135,"column":53}},"29":{"start":{"line":137,"column":2},"end":{"line":143,"column":28}},"30":{"start":{"line":138,"column":4},"end":{"line":142,"column":15}},"31":{"start":{"line":145,"column":24},"end":{"line":145,"column":76}},"32":{"start":{"line":146,"column":24},"end":{"line":146,"column":71}},"33":{"start":{"line":148,"column":2},"end":{"line":238,"column":4}},"34":{"start":{"line":224,"column":36},"end":{"line":227,"column":13}},"35":{"start":{"line":241,"column":15},"end":{"line":318,"column":2}}},"fnMap":{"0":{"name":"MenuItem","decl":{"start":{"line":35,"column":9},"end":{"line":35,"column":17}},"loc":{"start":{"line":35,"column":103},"end":{"line":63,"column":1}},"line":35},"1":{"name":"(anonymous_1)","decl":{"start":{"line":40,"column":13},"end":{"line":40,"column":14}},"loc":{"start":{"line":40,"column":30},"end":{"line":43,"column":7}},"line":40},"2":{"name":"ThemeToggle","decl":{"start":{"line":67,"column":9},"end":{"line":67,"column":20}},"loc":{"start":{"line":67,"column":98},"end":{"line":104,"column":1}},"line":67},"3":{"name":"(anonymous_3)","decl":{"start":{"line":77,"column":19},"end":{"line":77,"column":20}},"loc":{"start":{"line":77,"column":28},"end":{"line":101,"column":7}},"line":77},"4":{"name":"(anonymous_4)","decl":{"start":{"line":82,"column":21},"end":{"line":82,"column":22}},"loc":{"start":{"line":82,"column":27},"end":{"line":82,"column":46}},"line":82},"5":{"name":"Section","decl":{"start":{"line":110,"column":9},"end":{"line":110,"column":16}},"loc":{"start":{"line":110,"column":52},"end":{"line":120,"column":1}},"line":110},"6":{"name":"SettingsDrawer","decl":{"start":{"line":124,"column":16},"end":{"line":124,"column":30}},"loc":{"start":{"line":124,"column":68},"end":{"line":239,"column":1}},"line":124},"7":{"name":"(anonymous_7)","decl":{"start":{"line":128,"column":37},"end":{"line":128,"column":38}},"loc":{"start":{"line":128,"column":44},"end":{"line":128,"column":55}},"line":128},"8":{"name":"(anonymous_8)","decl":{"start":{"line":129,"column":40},"end":{"line":129,"column":41}},"loc":{"start":{"line":129,"column":47},"end":{"line":129,"column":61}},"line":129},"9":{"name":"(anonymous_9)","decl":{"start":{"line":130,"column":42},"end":{"line":130,"column":43}},"loc":{"start":{"line":130,"column":49},"end":{"line":130,"column":65}},"line":130},"10":{"name":"(anonymous_10)","decl":{"start":{"line":131,"column":45},"end":{"line":131,"column":46}},"loc":{"start":{"line":131,"column":52},"end":{"line":131,"column":71}},"line":131},"11":{"name":"(anonymous_11)","decl":{"start":{"line":132,"column":39},"end":{"line":132,"column":40}},"loc":{"start":{"line":132,"column":46},"end":{"line":132,"column":59}},"line":132},"12":{"name":"(anonymous_12)","decl":{"start":{"line":133,"column":42},"end":{"line":133,"column":43}},"loc":{"start":{"line":133,"column":49},"end":{"line":133,"column":65}},"line":133},"13":{"name":"(anonymous_13)","decl":{"start":{"line":134,"column":36},"end":{"line":134,"column":37}},"loc":{"start":{"line":134,"column":43},"end":{"line":134,"column":53}},"line":134},"14":{"name":"(anonymous_14)","decl":{"start":{"line":135,"column":36},"end":{"line":135,"column":37}},"loc":{"start":{"line":135,"column":43},"end":{"line":135,"column":53}},"line":135},"15":{"name":"(anonymous_15)","decl":{"start":{"line":137,"column":12},"end":{"line":137,"column":13}},"loc":{"start":{"line":137,"column":18},"end":{"line":143,"column":3}},"line":137},"16":{"name":"(anonymous_16)","decl":{"start":{"line":209,"column":73},"end":{"line":209,"column":74}},"loc":{"start":{"line":209,"column":79},"end":{"line":209,"column":81}},"line":209},"17":{"name":"(anonymous_17)","decl":{"start":{"line":210,"column":66},"end":{"line":210,"column":67}},"loc":{"start":{"line":210,"column":72},"end":{"line":210,"column":74}},"line":210},"18":{"name":"(anonymous_18)","decl":{"start":{"line":215,"column":54},"end":{"line":215,"column":55}},"loc":{"start":{"line":215,"column":60},"end":{"line":215,"column":62}},"line":215},"19":{"name":"(anonymous_19)","decl":{"start":{"line":216,"column":54},"end":{"line":216,"column":55}},"loc":{"start":{"line":216,"column":60},"end":{"line":216,"column":62}},"line":216},"20":{"name":"(anonymous_20)","decl":{"start":{"line":223,"column":21},"end":{"line":223,"column":22}},"loc":{"start":{"line":223,"column":27},"end":{"line":223,"column":29}},"line":223},"21":{"name":"(anonymous_21)","decl":{"start":{"line":224,"column":19},"end":{"line":224,"column":20}},"loc":{"start":{"line":224,"column":36},"end":{"line":227,"column":13}},"line":224}},"branchMap":{"0":{"loc":{"start":{"line":42,"column":19},"end":{"line":42,"column":36}},"type":"cond-expr","locations":[{"start":{"line":42,"column":29},"end":{"line":42,"column":32}},{"start":{"line":42,"column":35},"end":{"line":42,"column":36}}],"line":42},"1":{"loc":{"start":{"line":44,"column":25},"end":{"line":44,"column":61}},"type":"cond-expr","locations":[{"start":{"line":44,"column":42},"end":{"line":44,"column":50}},{"start":{"line":44,"column":53},"end":{"line":44,"column":61}}],"line":44},"2":{"loc":{"start":{"line":46,"column":48},"end":{"line":46,"column":85}},"type":"cond-expr","locations":[{"start":{"line":46,"column":57},"end":{"line":46,"column":71}},{"start":{"line":46,"column":74},"end":{"line":46,"column":85}}],"line":46},"3":{"loc":{"start":{"line":50,"column":19},"end":{"line":50,"column":55}},"type":"cond-expr","locations":[{"start":{"line":50,"column":28},"end":{"line":50,"column":42}},{"start":{"line":50,"column":45},"end":{"line":50,"column":55}}],"line":50},"4":{"loc":{"start":{"line":55,"column":7},"end":{"line":57,"column":7}},"type":"binary-expr","locations":[{"start":{"line":55,"column":7},"end":{"line":55,"column":12}},{"start":{"line":55,"column":16},"end":{"line":55,"column":31}},{"start":{"line":56,"column":8},"end":{"line":56,"column":89}}],"line":55},"5":{"loc":{"start":{"line":58,"column":7},"end":{"line":60,"column":7}},"type":"binary-expr","locations":[{"start":{"line":58,"column":7},"end":{"line":58,"column":21}},{"start":{"line":59,"column":8},"end":{"line":59,"column":73}}],"line":58},"6":{"loc":{"start":{"line":59,"column":23},"end":{"line":59,"column":43}},"type":"binary-expr","locations":[{"start":{"line":59,"column":23},"end":{"line":59,"column":34}},{"start":{"line":59,"column":38},"end":{"line":59,"column":43}}],"line":59},"7":{"loc":{"start":{"line":85,"column":14},"end":{"line":85,"column":72}},"type":"binary-expr","locations":[{"start":{"line":85,"column":14},"end":{"line":85,"column":20}},{"start":{"line":85,"column":24},"end":{"line":85,"column":72}}],"line":85},"8":{"loc":{"start":{"line":92,"column":23},"end":{"line":92,"column":61}},"type":"cond-expr","locations":[{"start":{"line":92,"column":32},"end":{"line":92,"column":47}},{"start":{"line":92,"column":50},"end":{"line":92,"column":61}}],"line":92},"9":{"loc":{"start":{"line":94,"column":28},"end":{"line":94,"column":50}},"type":"cond-expr","locations":[{"start":{"line":94,"column":37},"end":{"line":94,"column":42}},{"start":{"line":94,"column":45},"end":{"line":94,"column":50}}],"line":94},"10":{"loc":{"start":{"line":139,"column":15},"end":{"line":139,"column":33}},"type":"cond-expr","locations":[{"start":{"line":139,"column":25},"end":{"line":139,"column":26}},{"start":{"line":139,"column":29},"end":{"line":139,"column":33}}],"line":139},"11":{"loc":{"start":{"line":184,"column":51},"end":{"line":184,"column":116}},"type":"cond-expr","locations":[{"start":{"line":184,"column":75},"end":{"line":184,"column":79}},{"start":{"line":184,"column":82},"end":{"line":184,"column":116}}],"line":184},"12":{"loc":{"start":{"line":184,"column":82},"end":{"line":184,"column":116}},"type":"cond-expr","locations":[{"start":{"line":184,"column":105},"end":{"line":184,"column":109}},{"start":{"line":184,"column":112},"end":{"line":184,"column":116}}],"line":184},"13":{"loc":{"start":{"line":226,"column":25},"end":{"line":226,"column":42}},"type":"cond-expr","locations":[{"start":{"line":226,"column":35},"end":{"line":226,"column":38}},{"start":{"line":226,"column":41},"end":{"line":226,"column":42}}],"line":226}},"s":{"0":70,"1":70,"2":70,"3":7,"4":7,"5":7,"6":21,"7":21,"8":0,"9":28,"10":28,"11":8,"12":8,"13":8,"14":24,"15":8,"16":24,"17":8,"18":24,"19":8,"20":24,"21":8,"22":24,"23":8,"24":24,"25":8,"26":24,"27":8,"28":24,"29":8,"30":8,"31":8,"32":8,"33":8,"34":7,"35":1},"f":{"0":70,"1":70,"2":7,"3":21,"4":0,"5":28,"6":8,"7":24,"8":24,"9":24,"10":24,"11":24,"12":24,"13":24,"14":24,"15":8,"16":0,"17":0,"18":0,"19":0,"20":0,"21":7},"b":{"0":[0,70],"1":[14,56],"2":[0,70],"3":[0,70],"4":[70,42,42],"5":[70,14],"6":[14,0],"7":[21,7],"8":[7,14],"9":[7,14],"10":[7,1],"11":[0,8],"12":[0,8],"13":[0,7]},"_coverageSchema":"1a1c01bbd47fc00a2c39e90264f33305004495a9","hash":"2715b4fb9058a09e68750beda8e98a9d3af149ca"}
,"/Users/pz/workspace/claude-code-assistant/packages/mobile/src/components/drawer/Switch.tsx": {"path":"/Users/pz/workspace/claude-code-assistant/packages/mobile/src/components/drawer/Switch.tsx","statementMap":{"0":{"start":{"line":11,"column":22},"end":{"line":11,"column":32}},"1":{"start":{"line":12,"column":2},"end":{"line":42,"column":4}},"2":{"start":{"line":15,"column":21},"end":{"line":15,"column":37}}},"fnMap":{"0":{"name":"Switch","decl":{"start":{"line":10,"column":16},"end":{"line":10,"column":22}},"loc":{"start":{"line":10,"column":59},"end":{"line":43,"column":1}},"line":10},"1":{"name":"(anonymous_1)","decl":{"start":{"line":15,"column":15},"end":{"line":15,"column":16}},"loc":{"start":{"line":15,"column":21},"end":{"line":15,"column":37}},"line":15}},"branchMap":{"0":{"loc":{"start":{"line":22,"column":25},"end":{"line":22,"column":67}},"type":"cond-expr","locations":[{"start":{"line":22,"column":33},"end":{"line":22,"column":48}},{"start":{"line":22,"column":51},"end":{"line":22,"column":67}}],"line":22},"1":{"loc":{"start":{"line":28,"column":16},"end":{"line":28,"column":54}},"type":"cond-expr","locations":[{"start":{"line":28,"column":25},"end":{"line":28,"column":42}},{"start":{"line":28,"column":45},"end":{"line":28,"column":54}}],"line":28},"2":{"loc":{"start":{"line":34,"column":36},"end":{"line":34,"column":50}},"type":"cond-expr","locations":[{"start":{"line":34,"column":44},"end":{"line":34,"column":46}},{"start":{"line":34,"column":49},"end":{"line":34,"column":50}}],"line":34}},"s":{"0":26,"1":26,"2":1},"f":{"0":26,"1":1},"b":{"0":[15,11],"1":[2,24],"2":[15,11]},"_coverageSchema":"1a1c01bbd47fc00a2c39e90264f33305004495a9","hash":"76fcfaecc0446549d8ddac4d04078d485a347a3a"}
,"/Users/pz/workspace/claude-code-assistant/packages/mobile/src/components/home/ToolsStrip.tsx": {"path":"/Users/pz/workspace/claude-code-assistant/packages/mobile/src/components/home/ToolsStrip.tsx","statementMap":{"0":{"start":{"line":19,"column":30},"end":{"line":25,"column":1}},"1":{"start":{"line":28,"column":30},"end":{"line":28,"column":40}},"2":{"start":{"line":29,"column":2},"end":{"line":50,"column":4}},"3":{"start":{"line":37,"column":10},"end":{"line":46,"column":12}}},"fnMap":{"0":{"name":"ToolsStrip","decl":{"start":{"line":27,"column":16},"end":{"line":27,"column":26}},"loc":{"start":{"line":27,"column":61},"end":{"line":51,"column":1}},"line":27},"1":{"name":"(anonymous_1)","decl":{"start":{"line":36,"column":19},"end":{"line":36,"column":20}},"loc":{"start":{"line":37,"column":10},"end":{"line":46,"column":12}},"line":37}},"branchMap":{"0":{"loc":{"start":{"line":27,"column":29},"end":{"line":27,"column":50}},"type":"default-arg","locations":[{"start":{"line":27,"column":37},"end":{"line":27,"column":50}}],"line":27}},"s":{"0":2,"1":14,"2":14,"3":57},"f":{"0":14,"1":57},"b":{"0":[11]},"_coverageSchema":"1a1c01bbd47fc00a2c39e90264f33305004495a9","hash":"56dea750dee39fd449daacec593b491640eee02d"}
,"/Users/pz/workspace/claude-code-assistant/packages/mobile/src/components/home/WelcomeSection.tsx": {"path":"/Users/pz/workspace/claude-code-assistant/packages/mobile/src/components/home/WelcomeSection.tsx","statementMap":{"0":{"start":{"line":18,"column":22},"end":{"line":18,"column":32}},"1":{"start":{"line":21,"column":22},"end":{"line":21,"column":57}},"2":{"start":{"line":23,"column":2},"end":{"line":64,"column":4}}},"fnMap":{"0":{"name":"WelcomeSection","decl":{"start":{"line":17,"column":16},"end":{"line":17,"column":30}},"loc":{"start":{"line":17,"column":65},"end":{"line":65,"column":1}},"line":17}},"branchMap":{"0":{"loc":{"start":{"line":50,"column":9},"end":{"line":61,"column":9}},"type":"binary-expr","locations":[{"start":{"line":50,"column":9},"end":{"line":50,"column":17}},{"start":{"line":51,"column":10},"end":{"line":60,"column":17}}],"line":50}},"s":{"0":15,"1":15,"2":15},"f":{"0":15},"b":{"0":[15,11]},"_coverageSchema":"1a1c01bbd47fc00a2c39e90264f33305004495a9","hash":"8ed26bdf00136c3a02240838276da2490b0c19cc"}
,"/Users/pz/workspace/claude-code-assistant/packages/mobile/src/components/input/AttachmentButton.tsx": {"path":"/Users/pz/workspace/claude-code-assistant/packages/mobile/src/components/input/AttachmentButton.tsx","statementMap":{"0":{"start":{"line":8,"column":22},"end":{"line":8,"column":32}},"1":{"start":{"line":9,"column":2},"end":{"line":27,"column":4}},"2":{"start":{"line":16,"column":31},"end":{"line":23,"column":7}}},"fnMap":{"0":{"name":"AttachmentButton","decl":{"start":{"line":7,"column":16},"end":{"line":7,"column":32}},"loc":{"start":{"line":7,"column":88},"end":{"line":28,"column":1}},"line":7},"1":{"name":"(anonymous_1)","decl":{"start":{"line":16,"column":13},"end":{"line":16,"column":14}},"loc":{"start":{"line":16,"column":31},"end":{"line":23,"column":7}},"line":16}},"branchMap":{"0":{"loc":{"start":{"line":7,"column":44},"end":{"line":7,"column":69}},"type":"default-arg","locations":[{"start":{"line":7,"column":65},"end":{"line":7,"column":69}}],"line":7},"1":{"loc":{"start":{"line":22,"column":17},"end":{"line":22,"column":35}},"type":"cond-expr","locations":[{"start":{"line":22,"column":27},"end":{"line":22,"column":31}},{"start":{"line":22,"column":34},"end":{"line":22,"column":35}}],"line":22}},"s":{"0":25,"1":25,"2":25},"f":{"0":25,"1":25},"b":{"0":[25],"1":[0,25]},"_coverageSchema":"1a1c01bbd47fc00a2c39e90264f33305004495a9","hash":"3e273772284be2d927198379cf4e5517a9e4308d"}
,"/Users/pz/workspace/claude-code-assistant/packages/mobile/src/components/input/InputBar.tsx": {"path":"/Users/pz/workspace/claude-code-assistant/packages/mobile/src/components/input/InputBar.tsx","statementMap":{"0":{"start":{"line":16,"column":22},"end":{"line":16,"column":32}},"1":{"start":{"line":17,"column":26},"end":{"line":17,"column":38}},"2":{"start":{"line":19,"column":21},"end":{"line":24,"column":20}},"3":{"start":{"line":20,"column":20},"end":{"line":20,"column":31}},"4":{"start":{"line":21,"column":4},"end":{"line":21,"column":25}},"5":{"start":{"line":21,"column":18},"end":{"line":21,"column":25}},"6":{"start":{"line":22,"column":4},"end":{"line":22,"column":22}},"7":{"start":{"line":23,"column":4},"end":{"line":23,"column":16}},"8":{"start":{"line":26,"column":2},"end":{"line":43,"column":4}},"9":{"start":{"line":46,"column":15},"end":{"line":58,"column":2}}},"fnMap":{"0":{"name":"InputBar","decl":{"start":{"line":15,"column":16},"end":{"line":15,"column":24}},"loc":{"start":{"line":15,"column":65},"end":{"line":44,"column":1}},"line":15},"1":{"name":"(anonymous_1)","decl":{"start":{"line":19,"column":33},"end":{"line":19,"column":34}},"loc":{"start":{"line":19,"column":39},"end":{"line":24,"column":3}},"line":19}},"branchMap":{"0":{"loc":{"start":{"line":21,"column":4},"end":{"line":21,"column":25}},"type":"if","locations":[{"start":{"line":21,"column":4},"end":{"line":21,"column":25}},{"start":{},"end":{}}],"line":21},"1":{"loc":{"start":{"line":37,"column":7},"end":{"line":41,"column":7}},"type":"cond-expr","locations":[{"start":{"line":38,"column":8},"end":{"line":38,"column":69}},{"start":{"line":40,"column":8},"end":{"line":40,"column":63}}],"line":37}},"s":{"0":25,"1":25,"2":25,"3":1,"4":1,"5":0,"6":1,"7":1,"8":25,"9":3},"f":{"0":25,"1":1},"b":{"0":[0,1],"1":[2,23]},"_coverageSchema":"1a1c01bbd47fc00a2c39e90264f33305004495a9","hash":"6e0315ee42e1ecf194a50f16f7204bd13561a26a"}
,"/Users/pz/workspace/claude-code-assistant/packages/mobile/src/components/input/MicButton.tsx": {"path":"/Users/pz/workspace/claude-code-assistant/packages/mobile/src/components/input/MicButton.tsx","statementMap":{"0":{"start":{"line":8,"column":22},"end":{"line":8,"column":32}},"1":{"start":{"line":9,"column":2},"end":{"line":25,"column":4}},"2":{"start":{"line":14,"column":31},"end":{"line":21,"column":7}}},"fnMap":{"0":{"name":"MicButton","decl":{"start":{"line":7,"column":16},"end":{"line":7,"column":25}},"loc":{"start":{"line":7,"column":75},"end":{"line":26,"column":1}},"line":7},"1":{"name":"(anonymous_1)","decl":{"start":{"line":14,"column":13},"end":{"line":14,"column":14}},"loc":{"start":{"line":14,"column":31},"end":{"line":21,"column":7}},"line":14}},"branchMap":{"0":{"loc":{"start":{"line":7,"column":37},"end":{"line":7,"column":64}},"type":"default-arg","locations":[{"start":{"line":7,"column":58},"end":{"line":7,"column":64}}],"line":7},"1":{"loc":{"start":{"line":20,"column":17},"end":{"line":20,"column":35}},"type":"cond-expr","locations":[{"start":{"line":20,"column":27},"end":{"line":20,"column":31}},{"start":{"line":20,"column":34},"end":{"line":20,"column":35}}],"line":20}},"s":{"0":23,"1":23,"2":23},"f":{"0":23,"1":23},"b":{"0":[0],"1":[0,23]},"_coverageSchema":"1a1c01bbd47fc00a2c39e90264f33305004495a9","hash":"f6016237f482e479a5bdf7899ccd57cb657e4b00"}
,"/Users/pz/workspace/claude-code-assistant/packages/mobile/src/components/input/SendButton.tsx": {"path":"/Users/pz/workspace/claude-code-assistant/packages/mobile/src/components/input/SendButton.tsx","statementMap":{"0":{"start":{"line":8,"column":22},"end":{"line":8,"column":32}},"1":{"start":{"line":9,"column":2},"end":{"line":30,"column":4}},"2":{"start":{"line":15,"column":31},"end":{"line":26,"column":7}}},"fnMap":{"0":{"name":"SendButton","decl":{"start":{"line":7,"column":16},"end":{"line":7,"column":26}},"loc":{"start":{"line":7,"column":84},"end":{"line":31,"column":1}},"line":7},"1":{"name":"(anonymous_1)","decl":{"start":{"line":15,"column":13},"end":{"line":15,"column":14}},"loc":{"start":{"line":15,"column":31},"end":{"line":26,"column":7}},"line":15}},"branchMap":{"0":{"loc":{"start":{"line":7,"column":48},"end":{"line":7,"column":73}},"type":"default-arg","locations":[{"start":{"line":7,"column":69},"end":{"line":7,"column":73}}],"line":7},"1":{"loc":{"start":{"line":21,"column":25},"end":{"line":25,"column":29}},"type":"cond-expr","locations":[{"start":{"line":22,"column":12},"end":{"line":22,"column":28}},{"start":{"line":23,"column":12},"end":{"line":25,"column":29}}],"line":21},"2":{"loc":{"start":{"line":23,"column":12},"end":{"line":25,"column":29}},"type":"cond-expr","locations":[{"start":{"line":24,"column":14},"end":{"line":24,"column":30}},{"start":{"line":25,"column":14},"end":{"line":25,"column":29}}],"line":23},"3":{"loc":{"start":{"line":28,"column":41},"end":{"line":28,"column":75}},"type":"cond-expr","locations":[{"start":{"line":28,"column":52},"end":{"line":28,"column":63}},{"start":{"line":28,"column":66},"end":{"line":28,"column":75}}],"line":28}},"s":{"0":2,"1":2,"2":2},"f":{"0":2,"1":2},"b":{"0":[0],"1":[0,2],"2":[0,2],"3":[0,2]},"_coverageSchema":"1a1c01bbd47fc00a2c39e90264f33305004495a9","hash":"ee2c7ffb988d189cbbc5bc48ae95a7b8a58dc088"}
,"/Users/pz/workspace/claude-code-assistant/packages/mobile/src/components/input/TextField.tsx": {"path":"/Users/pz/workspace/claude-code-assistant/packages/mobile/src/components/input/TextField.tsx","statementMap":{"0":{"start":{"line":11,"column":22},"end":{"line":11,"column":32}},"1":{"start":{"line":12,"column":30},"end":{"line":12,"column":49}},"2":{"start":{"line":14,"column":30},"end":{"line":20,"column":3}},"3":{"start":{"line":16,"column":19},"end":{"line":16,"column":93}},"4":{"start":{"line":17,"column":6},"end":{"line":17,"column":22}},"5":{"start":{"line":22,"column":2},"end":{"line":42,"column":4}}},"fnMap":{"0":{"name":"TextField","decl":{"start":{"line":10,"column":16},"end":{"line":10,"column":25}},"loc":{"start":{"line":10,"column":96},"end":{"line":43,"column":1}},"line":10},"1":{"name":"(anonymous_1)","decl":{"start":{"line":15,"column":4},"end":{"line":15,"column":5}},"loc":{"start":{"line":15,"column":65},"end":{"line":18,"column":5}},"line":15}},"branchMap":{"0":{"loc":{"start":{"line":10,"column":28},"end":{"line":10,"column":42}},"type":"default-arg","locations":[{"start":{"line":10,"column":40},"end":{"line":10,"column":42}}],"line":10},"1":{"loc":{"start":{"line":10,"column":44},"end":{"line":10,"column":59}},"type":"default-arg","locations":[{"start":{"line":10,"column":56},"end":{"line":10,"column":59}}],"line":10}},"s":{"0":25,"1":25,"2":25,"3":0,"4":0,"5":25},"f":{"0":25,"1":0},"b":{"0":[25],"1":[25]},"_coverageSchema":"1a1c01bbd47fc00a2c39e90264f33305004495a9","hash":"a44b613a36596b04055e8e7367254a9c182dc028"}
,"/Users/pz/workspace/claude-code-assistant/packages/mobile/src/components/sheets/AttachmentSheet.tsx": {"path":"/Users/pz/workspace/claude-code-assistant/packages/mobile/src/components/sheets/AttachmentSheet.tsx","statementMap":{"0":{"start":{"line":22,"column":25},"end":{"line":27,"column":1}},"1":{"start":{"line":30,"column":30},"end":{"line":30,"column":40}},"2":{"start":{"line":31,"column":2},"end":{"line":60,"column":4}},"3":{"start":{"line":34,"column":8},"end":{"line":57,"column":20}},"4":{"start":{"line":37,"column":34},"end":{"line":49,"column":11}},"5":{"start":{"line":65,"column":21},"end":{"line":69,"column":1}},"6":{"start":{"line":74,"column":30},"end":{"line":74,"column":40}},"7":{"start":{"line":76,"column":2},"end":{"line":101,"column":4}},"8":{"start":{"line":96,"column":12},"end":{"line":96,"column":79}}},"fnMap":{"0":{"name":"EntryGrid","decl":{"start":{"line":29,"column":9},"end":{"line":29,"column":18}},"loc":{"start":{"line":29,"column":21},"end":{"line":61,"column":1}},"line":29},"1":{"name":"(anonymous_1)","decl":{"start":{"line":33,"column":19},"end":{"line":33,"column":20}},"loc":{"start":{"line":34,"column":8},"end":{"line":57,"column":20}},"line":34},"2":{"name":"(anonymous_2)","decl":{"start":{"line":36,"column":19},"end":{"line":36,"column":20}},"loc":{"start":{"line":36,"column":25},"end":{"line":36,"column":27}},"line":36},"3":{"name":"(anonymous_3)","decl":{"start":{"line":37,"column":17},"end":{"line":37,"column":18}},"loc":{"start":{"line":37,"column":34},"end":{"line":49,"column":11}},"line":37},"4":{"name":"AttachmentSheet","decl":{"start":{"line":73,"column":16},"end":{"line":73,"column":31}},"loc":{"start":{"line":73,"column":69},"end":{"line":102,"column":1}},"line":73},"5":{"name":"(anonymous_5)","decl":{"start":{"line":95,"column":28},"end":{"line":95,"column":29}},"loc":{"start":{"line":96,"column":12},"end":{"line":96,"column":79}},"line":96}},"branchMap":{"0":{"loc":{"start":{"line":47,"column":23},"end":{"line":47,"column":40}},"type":"cond-expr","locations":[{"start":{"line":47,"column":33},"end":{"line":47,"column":36}},{"start":{"line":47,"column":39},"end":{"line":47,"column":40}}],"line":47}},"s":{"0":1,"1":5,"2":5,"3":20,"4":20,"5":1,"6":6,"7":6,"8":18},"f":{"0":5,"1":20,"2":0,"3":20,"4":6,"5":18},"b":{"0":[0,20]},"_coverageSchema":"1a1c01bbd47fc00a2c39e90264f33305004495a9","hash":"c8766dfd63dfc629116e6a50779734ff7a29b024"}
,"/Users/pz/workspace/claude-code-assistant/packages/mobile/src/components/sheets/BottomSheet.tsx": {"path":"/Users/pz/workspace/claude-code-assistant/packages/mobile/src/components/sheets/BottomSheet.tsx","statementMap":{"0":{"start":{"line":14,"column":22},"end":{"line":14,"column":32}},"1":{"start":{"line":15,"column":2},"end":{"line":67,"column":4}}},"fnMap":{"0":{"name":"BottomSheet","decl":{"start":{"line":13,"column":16},"end":{"line":13,"column":27}},"loc":{"start":{"line":13,"column":82},"end":{"line":68,"column":1}},"line":13}},"branchMap":{},"s":{"0":38,"1":38},"f":{"0":38},"b":{},"_coverageSchema":"1a1c01bbd47fc00a2c39e90264f33305004495a9","hash":"7873c6abd023ec4c690879ff0f798eb6922350e6"}
,"/Users/pz/workspace/claude-code-assistant/packages/mobile/src/components/sheets/FileCard.tsx": {"path":"/Users/pz/workspace/claude-code-assistant/packages/mobile/src/components/sheets/FileCard.tsx","statementMap":{"0":{"start":{"line":12,"column":30},"end":{"line":12,"column":40}},"1":{"start":{"line":14,"column":2},"end":{"line":62,"column":4}}},"fnMap":{"0":{"name":"FileCard","decl":{"start":{"line":11,"column":16},"end":{"line":11,"column":24}},"loc":{"start":{"line":11,"column":62},"end":{"line":63,"column":1}},"line":11}},"branchMap":{"0":{"loc":{"start":{"line":56,"column":7},"end":{"line":60,"column":7}},"type":"binary-expr","locations":[{"start":{"line":56,"column":7},"end":{"line":56,"column":11}},{"start":{"line":57,"column":8},"end":{"line":59,"column":15}}],"line":56}},"s":{"0":19,"1":19},"f":{"0":19},"b":{"0":[19,17]},"_coverageSchema":"1a1c01bbd47fc00a2c39e90264f33305004495a9","hash":"aa55adc6a58fd1d8c7bb6ac1edf714803cc5a75f"}
,"/Users/pz/workspace/claude-code-assistant/packages/mobile/src/components/sheets/ModelOption.tsx": {"path":"/Users/pz/workspace/claude-code-assistant/packages/mobile/src/components/sheets/ModelOption.tsx","statementMap":{"0":{"start":{"line":14,"column":30},"end":{"line":14,"column":40}},"1":{"start":{"line":16,"column":2},"end":{"line":112,"column":4}},"2":{"start":{"line":19,"column":21},"end":{"line":19,"column":37}},"3":{"start":{"line":20,"column":30},"end":{"line":30,"column":7}}},"fnMap":{"0":{"name":"ModelOptionRow","decl":{"start":{"line":13,"column":16},"end":{"line":13,"column":30}},"loc":{"start":{"line":13,"column":78},"end":{"line":113,"column":1}},"line":13},"1":{"name":"(anonymous_1)","decl":{"start":{"line":19,"column":15},"end":{"line":19,"column":16}},"loc":{"start":{"line":19,"column":21},"end":{"line":19,"column":37}},"line":19},"2":{"name":"(anonymous_2)","decl":{"start":{"line":20,"column":13},"end":{"line":20,"column":14}},"loc":{"start":{"line":20,"column":30},"end":{"line":30,"column":7}},"line":20}},"branchMap":{"0":{"loc":{"start":{"line":27,"column":19},"end":{"line":27,"column":36}},"type":"cond-expr","locations":[{"start":{"line":27,"column":29},"end":{"line":27,"column":32}},{"start":{"line":27,"column":35},"end":{"line":27,"column":36}}],"line":27},"1":{"loc":{"start":{"line":28,"column":27},"end":{"line":28,"column":72}},"type":"cond-expr","locations":[{"start":{"line":28,"column":40},"end":{"line":28,"column":56}},{"start":{"line":28,"column":59},"end":{"line":28,"column":72}}],"line":28},"2":{"loc":{"start":{"line":33,"column":43},"end":{"line":33,"column":67}},"type":"cond-expr","locations":[{"start":{"line":33,"column":57},"end":{"line":33,"column":62}},{"start":{"line":33,"column":65},"end":{"line":33,"column":67}}],"line":33},"3":{"loc":{"start":{"line":62,"column":11},"end":{"line":73,"column":11}},"type":"binary-expr","locations":[{"start":{"line":62,"column":11},"end":{"line":62,"column":22}},{"start":{"line":63,"column":12},"end":{"line":72,"column":19}}],"line":62},"4":{"loc":{"start":{"line":74,"column":11},"end":{"line":93,"column":11}},"type":"binary-expr","locations":[{"start":{"line":74,"column":11},"end":{"line":74,"column":20}},{"start":{"line":75,"column":12},"end":{"line":92,"column":19}}],"line":74},"5":{"loc":{"start":{"line":77,"column":33},"end":{"line":77,"column":67}},"type":"binary-expr","locations":[{"start":{"line":77,"column":33},"end":{"line":77,"column":47}},{"start":{"line":77,"column":51},"end":{"line":77,"column":67}}],"line":77},"6":{"loc":{"start":{"line":108,"column":7},"end":{"line":110,"column":7}},"type":"binary-expr","locations":[{"start":{"line":108,"column":7},"end":{"line":108,"column":17}},{"start":{"line":109,"column":8},"end":{"line":109,"column":55}}],"line":108}},"s":{"0":89,"1":89,"2":1,"3":89},"f":{"0":89,"1":1,"2":89},"b":{"0":[0,89],"1":[26,63],"2":[10,79],"3":[89,10],"4":[89,25],"5":[25,0],"6":[89,26]},"_coverageSchema":"1a1c01bbd47fc00a2c39e90264f33305004495a9","hash":"5195eaa6e0ff86cb3ef3ffbf3d45019958b7b09c"}
,"/Users/pz/workspace/claude-code-assistant/packages/mobile/src/components/sheets/ModelSwitchSheet.tsx": {"path":"/Users/pz/workspace/claude-code-assistant/packages/mobile/src/components/sheets/ModelSwitchSheet.tsx","statementMap":{"0":{"start":{"line":16,"column":30},"end":{"line":43,"column":1}},"1":{"start":{"line":45,"column":28},"end":{"line":74,"column":1}},"2":{"start":{"line":76,"column":34},"end":{"line":101,"column":1}},"3":{"start":{"line":106,"column":30},"end":{"line":106,"column":40}},"4":{"start":{"line":107,"column":2},"end":{"line":116,"column":4}},"5":{"start":{"line":122,"column":22},"end":{"line":122,"column":32}},"6":{"start":{"line":124,"column":2},"end":{"line":163,"column":4}},"7":{"start":{"line":130,"column":12},"end":{"line":130,"column":84}},"8":{"start":{"line":137,"column":12},"end":{"line":141,"column":14}},"9":{"start":{"line":148,"column":12},"end":{"line":158,"column":14}}},"fnMap":{"0":{"name":"Section","decl":{"start":{"line":105,"column":9},"end":{"line":105,"column":16}},"loc":{"start":{"line":105,"column":84},"end":{"line":117,"column":1}},"line":105},"1":{"name":"ModelSwitchSheet","decl":{"start":{"line":121,"column":16},"end":{"line":121,"column":32}},"loc":{"start":{"line":121,"column":70},"end":{"line":164,"column":1}},"line":121},"2":{"name":"(anonymous_2)","decl":{"start":{"line":129,"column":22},"end":{"line":129,"column":23}},"loc":{"start":{"line":130,"column":12},"end":{"line":130,"column":84}},"line":130},"3":{"name":"(anonymous_3)","decl":{"start":{"line":136,"column":21},"end":{"line":136,"column":22}},"loc":{"start":{"line":137,"column":12},"end":{"line":141,"column":14}},"line":137},"4":{"name":"(anonymous_4)","decl":{"start":{"line":147,"column":24},"end":{"line":147,"column":25}},"loc":{"start":{"line":148,"column":12},"end":{"line":158,"column":14}},"line":148}},"branchMap":{},"s":{"0":1,"1":1,"2":1,"3":24,"4":24,"5":9,"6":9,"7":27,"8":36,"9":27},"f":{"0":24,"1":9,"2":27,"3":36,"4":27},"b":{},"_coverageSchema":"1a1c01bbd47fc00a2c39e90264f33305004495a9","hash":"8cfa469813fac821863527b9ca447c468513068d"}
,"/Users/pz/workspace/claude-code-assistant/packages/mobile/src/components/sheets/SheetHeader.tsx": {"path":"/Users/pz/workspace/claude-code-assistant/packages/mobile/src/components/sheets/SheetHeader.tsx","statementMap":{"0":{"start":{"line":17,"column":22},"end":{"line":17,"column":32}},"1":{"start":{"line":19,"column":2},"end":{"line":45,"column":4}},"2":{"start":{"line":48,"column":15},"end":{"line":55,"column":2}}},"fnMap":{"0":{"name":"SheetHeader","decl":{"start":{"line":16,"column":16},"end":{"line":16,"column":27}},"loc":{"start":{"line":16,"column":111},"end":{"line":46,"column":1}},"line":16}},"branchMap":{"0":{"loc":{"start":{"line":32,"column":9},"end":{"line":34,"column":9}},"type":"binary-expr","locations":[{"start":{"line":32,"column":9},"end":{"line":32,"column":17}},{"start":{"line":33,"column":10},"end":{"line":33,"column":109}}],"line":32},"1":{"loc":{"start":{"line":38,"column":9},"end":{"line":42,"column":16}},"type":"cond-expr","locations":[{"start":{"line":39,"column":10},"end":{"line":39,"column":112}},{"start":{"line":40,"column":12},"end":{"line":42,"column":16}}],"line":38},"2":{"loc":{"start":{"line":40,"column":12},"end":{"line":42,"column":16}},"type":"cond-expr","locations":[{"start":{"line":41,"column":10},"end":{"line":41,"column":89}},{"start":{"line":42,"column":12},"end":{"line":42,"column":16}}],"line":40}},"s":{"0":8,"1":8,"2":2},"f":{"0":8},"b":{"0":[8,1],"1":[2,6],"2":[1,5]},"_coverageSchema":"1a1c01bbd47fc00a2c39e90264f33305004495a9","hash":"5020273aa4ba75e212edaf1b120b6723eafbe16c"}
,"/Users/pz/workspace/claude-code-assistant/packages/mobile/src/components/topbar/IconButton.tsx": {"path":"/Users/pz/workspace/claude-code-assistant/packages/mobile/src/components/topbar/IconButton.tsx","statementMap":{"0":{"start":{"line":14,"column":22},"end":{"line":14,"column":32}},"1":{"start":{"line":15,"column":2},"end":{"line":34,"column":4}},"2":{"start":{"line":20,"column":30},"end":{"line":30,"column":7}}},"fnMap":{"0":{"name":"IconButton","decl":{"start":{"line":13,"column":16},"end":{"line":13,"column":26}},"loc":{"start":{"line":13,"column":91},"end":{"line":35,"column":1}},"line":13},"1":{"name":"(anonymous_1)","decl":{"start":{"line":20,"column":13},"end":{"line":20,"column":14}},"loc":{"start":{"line":20,"column":30},"end":{"line":30,"column":7}},"line":20}},"branchMap":{"0":{"loc":{"start":{"line":13,"column":35},"end":{"line":13,"column":44}},"type":"default-arg","locations":[{"start":{"line":13,"column":42},"end":{"line":13,"column":44}}],"line":13},"1":{"loc":{"start":{"line":18,"column":26},"end":{"line":18,"column":52}},"type":"binary-expr","locations":[{"start":{"line":18,"column":26},"end":{"line":18,"column":44}},{"start":{"line":18,"column":48},"end":{"line":18,"column":52}}],"line":18},"2":{"loc":{"start":{"line":27,"column":27},"end":{"line":27,"column":68}},"type":"cond-expr","locations":[{"start":{"line":27,"column":37},"end":{"line":27,"column":52}},{"start":{"line":27,"column":55},"end":{"line":27,"column":68}}],"line":27}},"s":{"0":51,"1":51,"2":51},"f":{"0":51,"1":51},"b":{"0":[20],"1":[51,0],"2":[0,51]},"_coverageSchema":"1a1c01bbd47fc00a2c39e90264f33305004495a9","hash":"636daf79f000ba4593fb5b874851ba2275b9874a"}
,"/Users/pz/workspace/claude-code-assistant/packages/mobile/src/hooks/useTheme.ts": {"path":"/Users/pz/workspace/claude-code-assistant/packages/mobile/src/hooks/useTheme.ts","statementMap":{"0":{"start":{"line":14,"column":28},"end":{"line":14,"column":73}},"1":{"start":{"line":17,"column":14},"end":{"line":17,"column":38}},"2":{"start":{"line":18,"column":2},"end":{"line":20,"column":3}},"3":{"start":{"line":19,"column":4},"end":{"line":19,"column":66}},"4":{"start":{"line":21,"column":2},"end":{"line":21,"column":13}}},"fnMap":{"0":{"name":"useTheme","decl":{"start":{"line":16,"column":16},"end":{"line":16,"column":24}},"loc":{"start":{"line":16,"column":46},"end":{"line":22,"column":1}},"line":16}},"branchMap":{"0":{"loc":{"start":{"line":18,"column":2},"end":{"line":20,"column":3}},"type":"if","locations":[{"start":{"line":18,"column":2},"end":{"line":20,"column":3}},{"start":{},"end":{}}],"line":18}},"s":{"0":27,"1":699,"2":698,"3":1,"4":697},"f":{"0":699},"b":{"0":[1,697]},"_coverageSchema":"1a1c01bbd47fc00a2c39e90264f33305004495a9","hash":"c16efa34789cffd1867fa3558441fcaeb5aff446"}
,"/Users/pz/workspace/claude-code-assistant/packages/mobile/src/screens/ChatScreen.tsx": {"path":"/Users/pz/workspace/claude-code-assistant/packages/mobile/src/screens/ChatScreen.tsx","statementMap":{"0":{"start":{"line":13,"column":22},"end":{"line":13,"column":32}},"1":{"start":{"line":14,"column":31},"end":{"line":14,"column":74}},"2":{"start":{"line":14,"column":51},"end":{"line":14,"column":73}},"3":{"start":{"line":15,"column":24},"end":{"line":15,"column":60}},"4":{"start":{"line":15,"column":44},"end":{"line":15,"column":59}},"5":{"start":{"line":16,"column":20},"end":{"line":16,"column":52}},"6":{"start":{"line":16,"column":40},"end":{"line":16,"column":51}},"7":{"start":{"line":17,"column":21},"end":{"line":17,"column":54}},"8":{"start":{"line":17,"column":41},"end":{"line":17,"column":53}},"9":{"start":{"line":19,"column":19},"end":{"line":21,"column":8}},"10":{"start":{"line":22,"column":22},"end":{"line":22,"column":47}},"11":{"start":{"line":24,"column":2},"end":{"line":52,"column":4}},"12":{"start":{"line":30,"column":10},"end":{"line":30,"column":51}},"13":{"start":{"line":36,"column":10},"end":{"line":36,"column":44}},"14":{"start":{"line":36,"column":37},"end":{"line":36,"column":44}},"15":{"start":{"line":37,"column":35},"end":{"line":46,"column":11}},"16":{"start":{"line":47,"column":10},"end":{"line":47,"column":48}}},"fnMap":{"0":{"name":"ChatScreen","decl":{"start":{"line":12,"column":16},"end":{"line":12,"column":26}},"loc":{"start":{"line":12,"column":29},"end":{"line":53,"column":1}},"line":12},"1":{"name":"(anonymous_1)","decl":{"start":{"line":14,"column":44},"end":{"line":14,"column":45}},"loc":{"start":{"line":14,"column":51},"end":{"line":14,"column":73}},"line":14},"2":{"name":"(anonymous_2)","decl":{"start":{"line":15,"column":37},"end":{"line":15,"column":38}},"loc":{"start":{"line":15,"column":44},"end":{"line":15,"column":59}},"line":15},"3":{"name":"(anonymous_3)","decl":{"start":{"line":16,"column":33},"end":{"line":16,"column":34}},"loc":{"start":{"line":16,"column":40},"end":{"line":16,"column":51}},"line":16},"4":{"name":"(anonymous_4)","decl":{"start":{"line":17,"column":34},"end":{"line":17,"column":35}},"loc":{"start":{"line":17,"column":41},"end":{"line":17,"column":53}},"line":17},"5":{"name":"(anonymous_5)","decl":{"start":{"line":29,"column":22},"end":{"line":29,"column":23}},"loc":{"start":{"line":30,"column":10},"end":{"line":30,"column":51}},"line":30},"6":{"name":"(anonymous_6)","decl":{"start":{"line":35,"column":16},"end":{"line":35,"column":17}},"loc":{"start":{"line":35,"column":26},"end":{"line":48,"column":9}},"line":35}},"branchMap":{"0":{"loc":{"start":{"line":19,"column":19},"end":{"line":21,"column":8}},"type":"cond-expr","locations":[{"start":{"line":20,"column":6},"end":{"line":20,"column":57}},{"start":{"line":21,"column":6},"end":{"line":21,"column":8}}],"line":19},"1":{"loc":{"start":{"line":20,"column":6},"end":{"line":20,"column":57}},"type":"binary-expr","locations":[{"start":{"line":20,"column":6},"end":{"line":20,"column":51}},{"start":{"line":20,"column":55},"end":{"line":20,"column":57}}],"line":20},"2":{"loc":{"start":{"line":32,"column":9},"end":{"line":32,"column":46}},"type":"binary-expr","locations":[{"start":{"line":32,"column":9},"end":{"line":32,"column":20}},{"start":{"line":32,"column":24},"end":{"line":32,"column":46}}],"line":32},"3":{"loc":{"start":{"line":36,"column":10},"end":{"line":36,"column":44}},"type":"if","locations":[{"start":{"line":36,"column":10},"end":{"line":36,"column":44}},{"start":{},"end":{}}],"line":36}},"s":{"0":6,"1":6,"2":18,"3":6,"4":18,"5":6,"6":18,"7":6,"8":18,"9":6,"10":6,"11":6,"12":2,"13":0,"14":0,"15":0,"16":0},"f":{"0":6,"1":18,"2":18,"3":18,"4":18,"5":2,"6":0},"b":{"0":[1,5],"1":[1,0],"2":[6,1],"3":[0,0]},"_coverageSchema":"1a1c01bbd47fc00a2c39e90264f33305004495a9","hash":"1ae06e30f547cf1f89537eb6283c3e13e92c9eff"}
,"/Users/pz/workspace/claude-code-assistant/packages/mobile/src/screens/HomeScreen.tsx": {"path":"/Users/pz/workspace/claude-code-assistant/packages/mobile/src/screens/HomeScreen.tsx","statementMap":{"0":{"start":{"line":22,"column":21},"end":{"line":22,"column":24}},"1":{"start":{"line":24,"column":35},"end":{"line":45,"column":1}},"2":{"start":{"line":48,"column":17},"end":{"line":48,"column":28}},"3":{"start":{"line":49,"column":22},"end":{"line":49,"column":32}},"4":{"start":{"line":50,"column":21},"end":{"line":50,"column":70}},"5":{"start":{"line":51,"column":23},"end":{"line":51,"column":60}},"6":{"start":{"line":62,"column":6},"end":{"line":62,"column":21}},"7":{"start":{"line":64,"column":21},"end":{"line":79,"column":50}},"8":{"start":{"line":65,"column":4},"end":{"line":65,"column":27}},"9":{"start":{"line":66,"column":4},"end":{"line":78,"column":15}},"10":{"start":{"line":81,"column":22},"end":{"line":94,"column":50}},"11":{"start":{"line":82,"column":4},"end":{"line":93,"column":44}},"12":{"start":{"line":93,"column":19},"end":{"line":93,"column":42}},"13":{"start":{"line":96,"column":24},"end":{"line":98,"column":14}},"14":{"start":{"line":97,"column":4},"end":{"line":97,"column":25}},"15":{"start":{"line":100,"column":26},"end":{"line":102,"column":18}},"16":{"start":{"line":101,"column":4},"end":{"line":101,"column":17}},"17":{"start":{"line":104,"column":26},"end":{"line":106,"column":22}},"18":{"start":{"line":105,"column":4},"end":{"line":105,"column":21}},"19":{"start":{"line":108,"column":27},"end":{"line":110,"column":27}},"20":{"start":{"line":109,"column":4},"end":{"line":109,"column":26}},"21":{"start":{"line":112,"column":28},"end":{"line":117,"column":3}},"22":{"start":{"line":114,"column":6},"end":{"line":114,"column":24}},"23":{"start":{"line":119,"column":2},"end":{"line":221,"column":4}},"24":{"start":{"line":184,"column":27},"end":{"line":184,"column":70}},"25":{"start":{"line":201,"column":10},"end":{"line":206,"column":12}},"26":{"start":{"line":224,"column":15},"end":{"line":264,"column":2}}},"fnMap":{"0":{"name":"HomeScreen","decl":{"start":{"line":47,"column":16},"end":{"line":47,"column":26}},"loc":{"start":{"line":47,"column":29},"end":{"line":222,"column":1}},"line":47},"1":{"name":"(anonymous_1)","decl":{"start":{"line":64,"column":33},"end":{"line":64,"column":34}},"loc":{"start":{"line":64,"column":39},"end":{"line":79,"column":3}},"line":64},"2":{"name":"(anonymous_2)","decl":{"start":{"line":81,"column":34},"end":{"line":81,"column":35}},"loc":{"start":{"line":81,"column":40},"end":{"line":94,"column":3}},"line":81},"3":{"name":"(anonymous_3)","decl":{"start":{"line":93,"column":13},"end":{"line":93,"column":14}},"loc":{"start":{"line":93,"column":19},"end":{"line":93,"column":42}},"line":93},"4":{"name":"(anonymous_4)","decl":{"start":{"line":96,"column":36},"end":{"line":96,"column":37}},"loc":{"start":{"line":96,"column":42},"end":{"line":98,"column":3}},"line":96},"5":{"name":"(anonymous_5)","decl":{"start":{"line":100,"column":38},"end":{"line":100,"column":39}},"loc":{"start":{"line":100,"column":44},"end":{"line":102,"column":3}},"line":100},"6":{"name":"(anonymous_6)","decl":{"start":{"line":104,"column":38},"end":{"line":104,"column":39}},"loc":{"start":{"line":104,"column":44},"end":{"line":106,"column":3}},"line":104},"7":{"name":"(anonymous_7)","decl":{"start":{"line":108,"column":39},"end":{"line":108,"column":40}},"loc":{"start":{"line":108,"column":45},"end":{"line":110,"column":3}},"line":108},"8":{"name":"(anonymous_8)","decl":{"start":{"line":113,"column":4},"end":{"line":113,"column":5}},"loc":{"start":{"line":113,"column":29},"end":{"line":115,"column":5}},"line":113},"9":{"name":"(anonymous_9)","decl":{"start":{"line":179,"column":44},"end":{"line":179,"column":45}},"loc":{"
[...]
,"/Users/pz/workspace/claude-code-assistant/packages/mobile/src/stores/chatStore.ts": {"path":"/Users/pz/workspace/claude-code-assistant/packages/mobile/src/stores/chatStore.ts","statementMap":{"0":{"start":{"line":5,"column":20},"end":{"line":5,"column":42}},"1":{"start":{"line":6,"column":16},"end":{"line":6,"column":46}},"2":{"start":{"line":23,"column":28},"end":{"line":26,"column":1}},"3":{"start":{"line":29,"column":14},"end":{"line":29,"column":44}},"4":{"start":{"line":30,"column":2},"end":{"line":30,"column":28}},"5":{"start":{"line":30,"column":12},"end":{"line":30,"column":28}},"6":{"start":{"line":31,"column":2},"end":{"line":35,"column":3}},"7":{"start":{"line":32,"column":4},"end":{"line":32,"column":47}},"8":{"start":{"line":34,"column":4},"end":{"line":34,"column":20}},"9":{"start":{"line":54,"column":2},"end":{"line":60,"column":4}},"10":{"start":{"line":64,"column":2},"end":{"line":64,"column":74}},"11":{"start":{"line":67,"column":28},"end":{"line":189,"column":3}},"12":{"start":{"line":67,"column":66},"end":{"line":189,"column":1}},"13":{"start":{"line":71,"column":31},"end":{"line":71,"column":49}},"14":{"start":{"line":74,"column":4},"end":{"line":74,"column":34}},"15":{"start":{"line":75,"column":4},"end":{"line":75,"column":19}},"16":{"start":{"line":79,"column":15},"end":{"line":79,"column":27}},"17":{"start":{"line":80,"column":16},"end":{"line":80,"column":26}},"18":{"start":{"line":81,"column":39},"end":{"line":87,"column":5}},"19":{"start":{"line":88,"column":4},"end":{"line":91,"column":8}},"20":{"start":{"line":88,"column":20},"end":{"line":91,"column":5}},"21":{"start":{"line":92,"column":4},"end":{"line":92,"column":19}},"22":{"start":{"line":93,"column":4},"end":{"line":93,"column":14}},"23":{"start":{"line":97,"column":4},"end":{"line":102,"column":7}},"24":{"start":{"line":98,"column":42},"end":{"line":98,"column":61}},"25":{"start":{"line":100,"column":8},"end":{"line":100,"column":77}},"26":{"start":{"line":101,"column":6},"end":{"line":101,"column":59}},"27":{"start":{"line":103,"column":4},"end":{"line":103,"column":19}},"28":{"start":{"line":107,"column":4},"end":{"line":115,"column":7}},"29":{"start":{"line":108,"column":6},"end":{"line":108,"column":49}},"30":{"start":{"line":108,"column":36},"end":{"line":108,"column":49}},"31":{"start":{"line":109,"column":6},"end":{"line":114,"column":8}},"32":{"start":{"line":116,"column":4},"end":{"line":116,"column":19}},"33":{"start":{"line":120,"column":4},"end":{"line":134,"column":7}},"34":{"start":{"line":121,"column":19},"end":{"line":121,"column":54}},"35":{"start":{"line":122,"column":6},"end":{"line":122,"column":30}},"36":{"start":{"line":122,"column":17},"end":{"line":122,"column":30}},"37":{"start":{"line":123,"column":6},"end":{"line":133,"column":8}},"38":{"start":{"line":135,"column":4},"end":{"line":135,"column":19}},"39":{"start":{"line":139,"column":4},"end":{"line":154,"column":7}},"40":{"start":{"line":140,"column":19},"end":{"line":140,"column":54}},"41":{"start":{"line":141,"column":6},"end":{"line":141,"column":30}},"42":{"start":{"line":141,"column":17},"end":{"line":141,"column":30}},"43":{"start":{"line":142,"column":6},"end":{"line":153,"column":8}},"44":{"start":{"line":148,"column":14},"end":{"line":148,"column":59}},"45":{"start":{"line":155,"column":4},"end":{"line":155,"column":19}},"46":{"start":{"line":159,"column":4},"end":{"line":172,"column":7}},"47":{"start":{"line":160,"column":19},"end":{"line":160,"column":54}},"48":{"start":{"line":161,"column":6},"end":{"line":161,"column":30}},"49":{"start":{"line":161,"column":17},"end":{"line":161,"column":30}},"50":{"start":{"line":162,"column":6},"end":{"line":171,"column":8}},"51":{"start":{"line":167,"column":50},"end":{"line":167,"column":68}},"52":{"start":{"line":173,"column":4},"end":{"line":173,"column":19}},"53":{"start":{"line":177,"column":4},"end":{"line":186,"column":7}},"54":{"start":{"line":178,"column":19},"end":{"line":178,"column":54}},"55":{"start":{"line":179,"column":6},"end":{"line":179,"column":30}},"56":{"start":{"line":179,"column":17},"end":{"line":179,"column":30}},"57":{"start":{"line":180,"column":6},"end":{"line":185,"column":8}},"58":{"start":{"line":187,"column":4},"end":{"line":187,"column":19}}},"fnMap":{"0":{"name":"loadInitial","decl":{"start":{"line":28,"column":9},"end":{"line":28,"column":20}},"loc":{"start":{"line":28,"column":34},"end":{"line":36,"column":1}},"line":28},"1":{"name":"persist","decl":{"start":{"line":53,"column":9},"end":{"line":53,"column":16}},"loc":{"start":{"line":53,"column":35},"end":{"line":61,"column":1}},"line":53},"2":{"name":"generateId","decl":{"start":{"line":63,"column":9},"end":{"line":63,"column":19}},"loc":{"start":{"line":63,"column":30},"end":{"line":65,"column":1}},"line":63},"3":{"name":"(anonymous_3)","decl":{"start":{"line":67,"column":51},"end":{"line":67,"column":52}},"loc":{"start":{"line":67,"column":66},"end":{"line":189,"column":1}},"line":67},"4":{"name":"(anonymous_4)","decl":{"start":{"line":71,"column":16},"end":{"line":71,"column":17}},"loc":{"start":{"line":71,"column":31},"end":{"line":71,"column":49}},"line":71},"5":{"name":"(anonymous_5)","decl":{"start":{"line":73,"column":25},"end":{"line":73,"column":26}},"loc":{"start":{"line":73,"column":51},"end":{"line":76,"column":3}},"line":73},"6":{"name":"(anonymous_6)","decl":{"start":{"line":78,"column":22},"end":{"line":78,"column":23}},"loc":{"start":{"line":78,"column":28},"end":{"line":94,"column":3}},"line":78},"7":{"name":"(anonymous_7)","decl":{"start":{"line":88,"column":8},"end":{"line":88,"column":9}},"loc":{"start":{"line":88,"column":20},"end":{"line":91,"column":5}},"line":88},"8":{"name":"(anonymous_8)","decl":{"start":{"line":96,"column":22},"end":{"line":96,"column":23}},"loc":{"start":{"line":96,"column":30},"end":{"line":104,"column":3}},"line":96},"9":{"name":"(anonymous_9)","decl":{"start":{"line":97,"column":8},"end":{"line":97,"column":9}},"loc":{"start":{"line":97,"column":19},"end":{"line":102,"column":5}},"line":97},"10":{"name":"(anonymous_10)","decl":{"start":{"line":106,"column":22},"end":{"line":106,"column":23}},"loc":{"start":{"line":106,"column":37},"end":{"line":117,"column":3}},"line":106},"11":{"name":"(anonymous_11)","decl":{"start":{"line":107,"column":8},"end":{"line":107,"column":9}},"loc":{"start":{"line":107,"column":19},"end":{"line":115,"column":5}},"line":107},"12":{"name":"(anonymous_12)","decl":{"start":{"line":119,"column":14},"end":{"line":119,"column":15}},"loc":{"start":{"line":119,"column":43},"end":{"line":136,"column":3}},"line":119},"13":{"name":"(anonymous_13)","decl":{"start":{"line":120,"column":8},"end":{"line":120,"column":9}},"loc":{"start":{"line":120,"column":19},"end":{"line":134,"column":5}},"line":120},"14":{"name":"(anonymous_14)","decl":{"start":{"line":138,"column":17},"end":{"line":138,"column":18}},"loc":{"start":{"line":138,"column":57},"end":{"line":156,"column":3}},"line":138},"15":{"name":"(anonymous_15)","decl":{"start":{"line":139,"column":8},"end":{"line":139,"column":9}},"loc":{"start":{"line":139,"column":19},"end":{"line":154,"column":5}},"line":139},"16":{"name":"(anonymous_16)","decl":{"start":{"line":147,"column":40},"end":{"line":147,"column":41}},"loc":{"start":{"line":148,"column":14},"end":{"line":148,"column":59}},"line":148},"17":{"name":"(anonymous_17)","decl":{"start":{"line":158,"column":17},"end":{"line":158,"column":18}},"loc":{"start":{"line":158,"column":48},"end":{"line":174,"column":3}},"line":158},"18":{"name":"(anonymous_18)","decl":{"start":{"line":159,"column":8},"end":{"line":159,"column":9}},"loc":{"start":{"line":159,"column":19},"end":{"line":172,"column":5}},"line":159},"19":{"name":"(anonymous_19)","decl":{"start":{"line":167,"column":43},"end":{"line":167,"column":44}},"loc":{"start":{"line":167,"column":50},"end":{"line":167,"column":68}},"line":167},"20":{"name":"(anonymous_20)","decl":{"start":{"line":176,"column":17},"end":{"line":176,"column":18}},"loc":{"start":{"line":176,"column":37},"end":{"line":188,"column":3}},"line":176},"21":{"name":"(anonymous_21)","decl":{"start":{"line":177,"column":8},"end":{"line":177,"column":9}},"loc":{"start":{"line":177,"column":19},"end":{"line":186,"column":5}},"line":177}},"branchMap":{"0":{"loc":{"start":{"line":30,"column":2},"end":{"line":30,"column":28}},"type":"if","locations":[{"start":{"line":30,"column":2},"end":{"line":30,"column":28}},{"start":{},"end":{}}],"line":30},"1":{"loc":{"start":{"line":100,"column":8},"end":{"line":100,"column":77}},"type":"cond-expr","locations":[{"start":{"line":100,"column":44},"end":{"line":100,"column":48}},{"start":{"line":100,"column":51},"end":{"line":100,"column":77}}],"line":100},"2":{"loc":{"start":{"line":108,"column":6},"end":{"line":108,"column":49}},"type":"if","locations":[{"start":{"line":108,"column":6},"end":{"line":108,"column":49}},{"start":{},"end":{}}],"line":108},"3":{"loc":{"start":{"line":122,"column":6},"end":{"line":122,"column":30}},"type":"if","locations":[{"start":{"line":122,"column":6},"end":{"line":122,"column":30}},{"start":{},"end":{}}],"line":122},"4":{"loc":{"start":{"line":124,"column":19},"end":{"line":124,"column":69}},"type":"cond-expr","locations":[{"start":{"line":124,"column":45},"end":{"line":124,"column":51}},{"start":{"line":124,"column":54},"end":{"line":124,"column":69}}],"line":124},"5":{"loc":{"start":{"line":141,"column":6},"end":{"line":141,"column":30}},"type":"if","locations":[{"start":{"line":141,"column":6},"end":{"line":141,"column":30}},{"start":{},"end":{}}],"line":141},"6":{"loc":{"start":{"line":148,"column":14},"end":{"line":148,"column":59}},"type":"cond-expr","locations":[{"start":{"line":148,"column":35},"end":{"line":148,"column":55}},{"start":{"line":148,"column":58},"end":{"line":148,"column":59}}],"line":148},"7":{"loc":{"start":{"line":161,"column":6},"end":{"line":161,"column":30}},"type":"if","locations":[{"start":{"line":161,"column":6},"end":{"line":161,"column":30}},{"start":{},"end":{}}],"line":161},"8":{"loc":{"start":{"line":179,"column":6},"end":{"line":179,"column":30}},"type":"if","locations":[{"start":{"line":179,"column":6},"end":{"line":179,"column":30}},{"start":{},"end":{}}],"line":179}},"s":{"0":5,"1":5,"2":5,"3":5,"4":5,"5":2,"6":3,"7":3,"8":0,"9":40,"10":18,"11":5,"12":5,"13":4,"14":3,"15":3,"16":18,"17":18,"18":18,"19":18,"20":18,"21":18,"22":18,"23":2,"24":2,"25":2,"26":2,"27":2,"28":1,"29":1,"30":0,"31":1,"32":1,"33":12,"34":12,"35":12,"36":0,"37":12,"38":12,"39":2,"40":2,"41":2,"42":0,"43":2,"44":2,"45":2,"46":1,"47":1,"48":1,"49":0,"50":1,"51":2,"52":1,"53":1,"54":1,"55":1,"56":0,"57":1,"58":1},"f":{"0":5,"1":40,"2":18,"3":5,"4":4,"5":3,"6":18,"7":18,"8":2,"9":2,"10":1,"11":1,"12":12,"13":12,"14":2,"15":2,"16":2,"17":1,"18":1,"19":2,"20":1,"21":1},"b":{"0":[2,3],"1":[1,1],"2":[0,1],"3":[0,12],"4":[11,1],"5":[0,2],"6":[2,0],"7":[0,1],"8":[0,1]},"_coverageSchema":"1a1c01bbd47fc00a2c39e90264f33305004495a9","hash":"7946e5b2bb469d1660d1d756d1ac54f1690852c1"}
,"/Users/pz/workspace/claude-code-assistant/packages/mobile/src/stores/settingsStore.ts": {"path":"/Users/pz/workspace/claude-code-assistant/packages/mobile/src/stores/settingsStore.ts","statementMap":{"0":{"start":{"line":4,"column":20},"end":{"line":4,"column":46}},"1":{"start":{"line":5,"column":16},"end":{"line":5,"column":50}},"2":{"start":{"line":21,"column":28},"end":{"line":29,"column":1}},"3":{"start":{"line":32,"column":14},"end":{"line":32,"column":44}},"4":{"start":{"line":33,"column":2},"end":{"line":33,"column":28}},"5":{"start":{"line":33,"column":12},"end":{"line":33,"column":28}},"6":{"start":{"line":34,"column":2},"end":{"line":38,"column":3}},"7":{"start":{"line":35,"column":4},"end":{"line":35,"column":47}},"8":{"start":{"line":37,"column":4},"end":{"line":37,"column":20}},"9":{"start":{"line":52,"column":2},"end":{"line":63,"column":4}},"10":{"start":{"line":66,"column":32},"end":{"line":96,"column":3}},"11":{"start":{"line":66,"column":69},"end":{"line":96,"column":1}},"12":{"start":{"line":69,"column":4},"end":{"line":69,"column":26}},"13":{"start":{"line":70,"column":4},"end":{"line":70,"column":19}},"14":{"start":{"line":73,"column":4},"end":{"line":73,"column":26}},"15":{"start":{"line":74,"column":4},"end":{"line":74,"column":19}},"16":{"start":{"line":77,"column":4},"end":{"line":77,"column":25}},"17":{"start":{"line":78,"column":4},"end":{"line":78,"column":19}},"18":{"start":{"line":81,"column":4},"end":{"line":81,"column":25}},"19":{"start":{"line":82,"column":4},"end":{"line":82,"column":19}},"20":{"start":{"line":85,"column":4},"end":{"line":85,"column":31}},"21":{"start":{"line":86,"column":4},"end":{"line":86,"column":19}},"22":{"start":{"line":89,"column":4},"end":{"line":89,"column":28}},"23":{"start":{"line":90,"column":4},"end":{"line":90,"column":19}},"24":{"start":{"line":93,"column":4},"end":{"line":93,"column":29}},"25":{"start":{"line":94,"column":4},"end":{"line":94,"column":19}}},"fnMap":{"0":{"name":"loadInitial","decl":{"start":{"line":31,"column":9},"end":{"line":31,"column":20}},"loc":{"start":{"line":31,"column":34},"end":{"line":39,"column":1}},"line":31},"1":{"name":"persist","decl":{"start":{"line":51,"column":9},"end":{"line":51,"column":16}},"loc":{"start":{"line":51,"column":35},"end":{"line":64,"column":1}},"line":51},"2":{"name":"(anonymous_2)","decl":{"start":{"line":66,"column":54},"end":{"line":66,"column":55}},"loc":{"start":{"line":66,"column":69},"end":{"line":96,"column":1}},"line":66},"3":{"name":"(anonymous_3)","decl":{"start":{"line":68,"column":16},"end":{"line":68,"column":17}},"loc":{"start":{"line":68,"column":23},"end":{"line":71,"column":3}},"line":68},"4":{"name":"(anonymous_4)","decl":{"start":{"line":72,"column":16},"end":{"line":72,"column":17}},"loc":{"start":{"line":72,"column":23},"end":{"line":75,"column":3}},"line":72},"5":{"name":"(anonymous_5)","decl":{"start":{"line":76,"column":15},"end":{"line":76,"column":16}},"loc":{"start":{"line":76,"column":22},"end":{"line":79,"column":3}},"line":76},"6":{"name":"(anonymous_6)","decl":{"start":{"line":80,"column":15},"end":{"line":80,"column":16}},"loc":{"start":{"line":80,"column":22},"end":{"line":83,"column":3}},"line":80},"7":{"name":"(anonymous_7)","decl":{"start":{"line":84,"column":21},"end":{"line":84,"column":22}},"loc":{"start":{"line":84,"column":28},"end":{"line":87,"column":3}},"line":84},"8":{"name":"(anonymous_8)","decl":{"start":{"line":88,"column":18},"end":{"line":88,"column":19}},"loc":{"start":{"line":88,"column":25},"end":{"line":91,"column":3}},"line":88},"9":{"name":"(anonymous_9)","decl":{"start":{"line":92,"column":19},"end":{"line":92,"column":20}},"loc":{"start":{"line":92,"column":26},"end":{"line":95,"column":3}},"line":92}},"branchMap":{"0":{"loc":{"start":{"line":33,"column":2},"end":{"line":33,"column":28}},"type":"if","locations":[{"start":{"line":33,"column":2},"end":{"line":33,"column":28}},{"start":{},"end":{}}],"line":33}},"s":{"0":38,"1":38,"2":38,"3":38,"4":38,"5":30,"6":8,"7":8,"8":0,"9":24,"10":38,"11":38,"12":3,"13":3,"14":6,"15":6,"16":4,"17":4,"18":3,"19":3,"20":3,"21":3,"22":3,"23":3,"24":2,"25":2},"f":{"0":38,"1":24,"2":38,"3":3,"4":6,"5":4,"6":3,"7":3,"8":3,"9":2},"b":{"0":[30,8]},"_coverageSchema":"1a1c01bbd47fc00a2c39e90264f33305004495a9","hash":"f0ff1f0a3acc88caf72d190b0b90df8111ca4624"}
,"/Users/pz/workspace/claude-code-assistant/packages/mobile/src/stores/sheetStore.ts": {"path":"/Users/pz/workspace/claude-code-assistant/packages/mobile/src/stores/sheetStore.ts","statementMap":{"0":{"start":{"line":9,"column":48},"end":{"line":14,"column":1}},"1":{"start":{"line":20,"column":28},"end":{"line":22,"column":1}},"2":{"start":{"line":42,"column":29},"end":{"line":59,"column":3}},"3":{"start":{"line":42,"column":58},"end":{"line":59,"column":1}},"4":{"start":{"line":45,"column":39},"end":{"line":45,"column":61}},"5":{"start":{"line":47,"column":24},"end":{"line":47,"column":56}},"6":{"start":{"line":48,"column":25},"end":{"line":48,"column":58}},"7":{"start":{"line":50,"column":29},"end":{"line":50,"column":66}},"8":{"start":{"line":51,"column":30},"end":{"line":51,"column":68}},"9":{"start":{"line":53,"column":4},"end":{"line":53,"column":30}},"10":{"start":{"line":56,"column":4},"end":{"line":56,"column":31}},"11":{"start":{"line":58,"column":25},"end":{"line":58,"column":40}}},"fnMap":{"0":{"name":"(anonymous_0)","decl":{"start":{"line":42,"column":48},"end":{"line":42,"column":49}},"loc":{"start":{"line":42,"column":58},"end":{"line":59,"column":1}},"line":42},"1":{"name":"(anonymous_1)","decl":{"start":{"line":45,"column":20},"end":{"line":45,"column":21}},"loc":{"start":{"line":45,"column":39},"end":{"line":45,"column":61}},"line":45},"2":{"name":"(anonymous_2)","decl":{"start":{"line":47,"column":18},"end":{"line":47,"column":19}},"loc":{"start":{"line":47,"column":24},"end":{"line":47,"column":56}},"line":47},"3":{"name":"(anonymous_3)","decl":{"start":{"line":48,"column":19},"end":{"line":48,"column":20}},"loc":{"start":{"line":48,"column":25},"end":{"line":48,"column":58}},"line":48},"4":{"name":"(anonymous_4)","decl":{"start":{"line":50,"column":23},"end":{"line":50,"column":24}},"loc":{"start":{"line":50,"column":29},"end":{"line":50,"column":66}},"line":50},"5":{"name":"(anonymous_5)","decl":{"start":{"line":51,"column":24},"end":{"line":51,"column":25}},"loc":{"start":{"line":51,"column":30},"end":{"line":51,"column":68}},"line":51},"6":{"name":"(anonymous_6)","decl":{"start":{"line":52,"column":13},"end":{"line":52,"column":14}},"loc":{"start":{"line":52,"column":22},"end":{"line":54,"column":3}},"line":52},"7":{"name":"(anonymous_7)","decl":{"start":{"line":55,"column":14},"end":{"line":55,"column":15}},"loc":{"start":{"line":55,"column":20},"end":{"line":57,"column":3}},"line":55},"8":{"name":"(anonymous_8)","decl":{"start":{"line":58,"column":16},"end":{"line":58,"column":17}},"loc":{"start":{"line":58,"column":25},"end":{"line":58,"column":40}},"line":58}},"branchMap":{},"s":{"0":2,"1":2,"2":2,"3":2,"4":4,"5":3,"6":1,"7":3,"8":1,"9":4,"10":1,"11":1},"f":{"0":2,"1":4,"2":3,"3":1,"4":3,"5":1,"6":4,"7":1,"8":1},"b":{},"_coverageSchema":"1a1c01bbd47fc00a2c39e90264f33305004495a9","hash":"95e928c1226540c91acc5321ea4f2ed2bac28031"}
,"/Users/pz/workspace/claude-code-assistant/packages/mobile/src/theme/dark.ts": {"path":"/Users/pz/workspace/claude-code-assistant/packages/mobile/src/theme/dark.ts","statementMap":{"0":{"start":{"line":4,"column":36},"end":{"line":17,"column":1}}},"fnMap":{},"branchMap":{},"s":{"0":28},"f":{},"b":{},"_coverageSchema":"1a1c01bbd47fc00a2c39e90264f33305004495a9","hash":"4fa0956ed14164efb49448380652af46389d3d59"}
,"/Users/pz/workspace/claude-code-assistant/packages/mobile/src/theme/light.ts": {"path":"/Users/pz/workspace/claude-code-assistant/packages/mobile/src/theme/light.ts","statementMap":{"0":{"start":{"line":2,"column":28},"end":{"line":15,"column":10}}},"fnMap":{},"branchMap":{},"s":{"0":28},"f":{},"b":{},"_coverageSchema":"1a1c01bbd47fc00a2c39e90264f33305004495a9","hash":"158c155427f9ddaaa587076fb7ab71a7ffcba07f"}
,"/Users/pz/workspace/claude-code-assistant/packages/mobile/src/theme/tokens.ts": {"path":"/Users/pz/workspace/claude-code-assistant/packages/mobile/src/theme/tokens.ts","statementMap":{"0":{"start":{"line":2,"column":22},"end":{"line":7,"column":10}}},"fnMap":{},"branchMap":{},"s":{"0":28},"f":{},"b":{},"_coverageSchema":"1a1c01bbd47fc00a2c39e90264f33305004495a9","hash":"936920787700af9b66a8fb2adf69662466147232"}
}
