TN:
SF:src/ThemeProvider.tsx
FN:14,ThemeProvider
FN:16,(anonymous_1)
FN:17,(anonymous_2)
FN:20,(anonymous_3)
FN:27,(anonymous_4)
FNF:5
FNH:5
FNDA:104,ThemeProvider
FNDA:313,(anonymous_1)
FNDA:313,(anonymous_2)
FNDA:104,(anonymous_3)
FNDA:104,(anonymous_4)
DA:15,104
DA:16,313
DA:17,313
DA:19,104
DA:20,104
DA:21,104
DA:22,102
DA:23,0
DA:26,104
DA:27,104
DA:37,104
LF:11
LH:10
BRDA:19,0,0,104
BRDA:19,0,1,2
BRDA:21,1,0,2
BRDA:21,1,1,102
BRDA:22,2,0,102
BRDA:22,2,1,0
BRDA:30,3,0,2
BRDA:30,3,1,102
BRF:8
BRH:7
end_of_record
TN:
SF:src/components/chat/AIActionsBar.tsx
FN:20,AIActionsBar
FN:32,(anonymous_1)
FN:36,(anonymous_2)
FNF:3
FNH:3
FNDA:5,AIActionsBar
FNDA:20,(anonymous_1)
FNDA:20,(anonymous_2)
DA:21,5
DA:23,5
DA:30,5
DA:33,20
DA:36,20
LF:5
LH:5
BRDA:25,0,0,1
BRDA:25,0,1,4
BRDA:44,1,0,0
BRDA:44,1,1,20
BRDA:45,2,0,1
BRDA:45,2,1,19
BRDA:52,3,0,1
BRDA:52,3,1,19
BRDA:54,4,0,20
BRDA:54,4,1,20
BRDA:58,5,0,1
BRDA:58,5,1,19
BRF:12
BRH:11
end_of_record
TN:
SF:src/components/chat/AIBubble.tsx
FN:9,renderContent
FN:37,AIBubble
FNF:2
FNH:2
FNDA:4,renderContent
FNDA:4,AIBubble
DA:11,4
DA:12,4
DA:13,4
DA:15,4
DA:16,4
DA:17,0
DA:18,0
DA:20,0
DA:21,0
DA:22,0
DA:23,0
DA:29,0
DA:31,4
DA:32,4
DA:34,4
DA:38,4
DA:39,4
LF:17
LH:10
BRDA:17,0,0,0
BRDA:17,0,1,0
BRDA:20,1,0,0
BRDA:20,1,1,0
BRDA:22,2,0,0
BRDA:22,2,1,0
BRDA:31,3,0,4
BRDA:31,3,1,0
BRF:8
BRH:1
end_of_record
TN:
SF:src/components/chat/CodeBlock.tsx
FN:12,CodeBlock
FN:38,(anonymous_1)
FN:39,(anonymous_2)
FNF:3
FNH:3
FNDA:2,CodeBlock
FNDA:1,(anonymous_1)
FNDA:2,(anonymous_2)
DA:13,2
DA:14,2
DA:38,1
DA:39,2
LF:4
LH:4
BRDA:35,0,0,2
BRDA:35,0,1,1
BRDA:39,1,0,0
BRDA:39,1,1,2
BRF:4
BRH:3
end_of_record
TN:
SF:src/components/chat/MessageRow.tsx
FN:18,MessageRow
FNF:1
FNH:1
FNDA:4,MessageRow
DA:19,4
DA:21,4
DA:22,2
DA:30,2
LF:4
LH:4
BRDA:21,0,0,2
BRDA:21,0,1,2
BRDA:32,1,0,2
BRDA:32,1,1,0
BRDA:32,1,2,0
BRDA:39,2,0,2
BRDA:39,2,1,2
BRDA:42,3,0,2
BRDA:42,3,1,0
BRDA:42,3,2,0
BRDA:45,4,0,2
BRDA:45,4,1,2
BRF:12
BRH:8
end_of_record
TN:
SF:src/components/chat/SourceItem.tsx
FN:10,SourceItem
FNF:1
FNH:1
FNDA:4,SourceItem
DA:11,4
DA:14,4
DA:16,4
LF:3
LH:3
BRF:0
BRH:0
end_of_record
TN:
SF:src/components/chat/StreamingIndicator.tsx
FN:4,StreamingIndicator
FNF:1
FNH:1
FNDA:3,StreamingIndicator
DA:5,3
DA:7,3
DA:17,2
LF:3
LH:3
BRF:0
BRH:0
end_of_record
TN:
SF:src/components/chat/ThinkingCard.tsx
FN:14,ThinkingCard
FN:20,(anonymous_1)
FN:58,(anonymous_2)
FNF:3
FNH:3
FNDA:4,ThinkingCard
FNDA:4,(anonymous_1)
FNDA:2,(anonymous_2)
DA:15,4
DA:16,4
DA:20,4
DA:59,2
LF:4
LH:4
BRDA:14,0,0,2
BRDA:28,1,0,0
BRDA:28,1,1,4
BRDA:53,2,0,1
BRDA:53,2,1,3
BRDA:56,3,0,4
BRDA:56,3,1,1
BRDA:65,4,0,1
BRDA:65,4,1,1
BRF:9
BRH:8
end_of_record
TN:
SF:src/components/chat/ToolCallCard.tsx
FN:13,ToolCallCard
FN:30,(anonymous_1)
FN:75,(anonymous_2)
FNF:3
FNH:3
FNDA:3,ToolCallCard
FNDA:3,(anonymous_1)
FNDA:2,(anonymous_2)
DA:14,3
DA:15,3
DA:17,3
DA:30,3
DA:76,2
LF:5
LH:5
BRDA:13,0,0,2
BRDA:15,1,0,3
BRDA:15,1,1,0
BRDA:36,2,0,0
BRDA:36,2,1,3
BRDA:60,3,0,3
BRDA:60,3,1,3
BRDA:69,4,0,1
BRDA:69,4,1,2
BRDA:73,5,0,3
BRDA:73,5,1,1
BRDA:73,5,2,1
BRDA:73,5,3,1
BRF:13
BRH:11
end_of_record
TN:
SF:src/components/chat/UserBubble.tsx
FN:9,UserBubble
FNF:1
FNH:1
FNDA:4,UserBubble
DA:10,4
DA:11,4
LF:2
LH:2
BRF:0
BRH:0
end_of_record
TN:
SF:src/components/chrome/DynamicIsland.tsx
FN:3,DynamicIsland
FNF:1
FNH:1
FNDA:16,DynamicIsland
DA:4,16
LF:1
LH:1
BRF:0
BRH:0
end_of_record
TN:
SF:src/components/chrome/HomeIndicator.tsx
FN:4,HomeIndicator
FNF:1
FNH:1
FNDA:16,HomeIndicator
DA:5,16
DA:6,16
LF:2
LH:2
BRF:0
BRH:0
end_of_record
TN:
SF:src/components/chrome/StatusBar.tsx
FN:6,StatusBar
FNF:1
FNH:1
FNDA:16,StatusBar
DA:7,16
DA:8,16
LF:2
LH:2
BRF:0
BRH:0
end_of_record
TN:
SF:src/components/common/Avatar.tsx
FN:11,Avatar
FNF:1
FNH:1
FNDA:24,Avatar
DA:12,24
DA:13,24
DA:14,24
LF:3
LH:3
BRDA:11,0,0,1
BRDA:13,1,0,24
BRDA:13,1,1,9
BRF:3
BRH:3
end_of_record
TN:
SF:src/components/common/Icon.tsx
FN:13,Icon
FNF:1
FNH:1
FNDA:450,Icon
DA:14,450
DA:15,450
DA:16,10
DA:17,0
DA:18,0
DA:19,7
DA:20,1
DA:21,35
DA:22,23
DA:23,9
DA:24,7
DA:25,5
DA:26,0
DA:27,5
DA:28,5
DA:29,28
DA:30,26
DA:31,30
DA:32,9
DA:33,6
DA:34,6
DA:35,7
DA:36,16
DA:37,1
DA:38,13
DA:39,0
DA:40,12
DA:41,12
DA:42,12
DA:43,8
DA:44,8
DA:45,1
DA:46,1
DA:47,97
DA:48,5
DA:49,6
DA:50,1
DA:51,8
DA:52,9
DA:53,0
DA:54,0
DA:55,7
DA:56,7
DA:57,7
LF:44
LH:38
BRDA:13,0,0,20
BRDA:15,1,0,10
BRDA:15,1,1,0
BRDA:15,1,2,0
BRDA:15,1,3,7
BRDA:15,1,4,1
BRDA:15,1,5,35
BRDA:15,1,6,23
BRDA:15,1,7,9
BRDA:15,1,8,7
BRDA:15,1,9,5
BRDA:15,1,10,0
BRDA:15,1,11,5
BRDA:15,1,12,5
BRDA:15,1,13,28
BRDA:15,1,14,26
BRDA:15,1,15,30
BRDA:15,1,16,9
BRDA:15,1,17,6
BRDA:15,1,18,6
BRDA:15,1,19,7
BRDA:15,1,20,16
BRDA:15,1,21,1
BRDA:15,1,22,13
BRDA:15,1,23,0
BRDA:15,1,24,12
BRDA:15,1,25,12
BRDA:15,1,26,12
BRDA:15,1,27,8
BRDA:15,1,28,8
BRDA:15,1,29,1
BRDA:15,1,30,1
BRDA:15,1,31,97
BRDA:15,1,32,5
BRDA:15,1,33,6
BRDA:15,1,34,1
BRDA:15,1,35,8
BRDA:15,1,36,9
BRDA:15,1,37,0
BRDA:15,1,38,0
BRDA:15,1,39,7
BRDA:15,1,40,7
BRDA:15,1,41,7
BRF:43
BRH:37
end_of_record
TN:
SF:src/components/common/Pill.tsx
FN:12,Pill
FN:17,(anonymous_1)
FNF:2
FNH:2
FNDA:12,Pill
FNDA:12,(anonymous_1)
DA:13,12
DA:14,12
DA:17,12
LF:3
LH:3
BRDA:17,0,0,0
BRDA:17,0,1,12
BRDA:18,1,0,12
BRDA:18,1,1,2
BRDA:18,2,0,2
BRDA:18,2,1,1
BRDA:23,3,0,12
BRDA:23,3,1,11
BRF:8
BRH:7
end_of_record
TN:
SF:src/components/common/ToolCard.tsx
FN:14,ToolCard
FN:20,(anonymous_1)
FNF:2
FNH:2
FNDA:59,ToolCard
FNDA:59,(anonymous_1)
DA:15,59
DA:16,59
DA:17,59
DA:20,59
LF:4
LH:4
BRDA:14,0,0,2
BRDA:16,1,0,11
BRDA:16,1,1,48
BRDA:21,2,0,0
BRDA:21,2,1,59
BRDA:22,3,0,59
BRDA:22,3,1,11
BRDA:33,4,0,11
BRDA:33,4,1,48
BRDA:38,5,0,11
BRDA:38,5,1,48
BRF:11
BRH:10
end_of_record
TN:
SF:src/components/drawer/SettingsDrawer.tsx
FN:35,MenuItem
FN:40,(anonymous_1)
FN:67,ThemeToggle
FN:77,(anonymous_3)
FN:82,(anonymous_4)
FN:110,Section
FN:124,SettingsDrawer
FN:128,(anonymous_7)
FN:129,(anonymous_8)
FN:130,(anonymous_9)
FN:131,(anonymous_10)
FN:132,(anonymous_11)
FN:133,(anonymous_12)
FN:134,(anonymous_13)
FN:135,(anonymous_14)
FN:137,(anonymous_15)
FN:209,(anonymous_16)
FN:210,(anonymous_17)
FN:215,(anonymous_18)
FN:216,(anonymous_19)
FN:223,(anonymous_20)
FN:224,(anonymous_21)
FNF:22
FNH:16
FNDA:70,MenuItem
FNDA:70,(anonymous_1)
FNDA:7,ThemeToggle
FNDA:21,(anonymous_3)
FNDA:0,(anonymous_4)
FNDA:28,Section
FNDA:8,SettingsDrawer
FNDA:24,(anonymous_7)
FNDA:24,(anonymous_8)
FNDA:24,(anonymous_9)
FNDA:24,(anonymous_10)
FNDA:24,(anonymous_11)
FNDA:24,(anonymous_12)
FNDA:24,(anonymous_13)
FNDA:24,(anonymous_14)
FNDA:8,(anonymous_15)
FNDA:0,(anonymous_16)
FNDA:0,(anonymous_17)
FNDA:0,(anonymous_18)
FNDA:0,(anonymous_19)
FNDA:0,(anonymous_20)
FNDA:7,(anonymous_21)
DA:36,70
DA:37,70
DA:40,70
DA:68,7
DA:69,7
DA:75,7
DA:78,21
DA:79,21
DA:82,0
DA:111,28
DA:112,28
DA:125,8
DA:126,8
DA:128,24
DA:129,24
DA:130,24
DA:131,24
DA:132,24
DA:133,24
DA:134,24
DA:135,24
DA:137,8
DA:138,8
DA:145,8
DA:146,8
DA:148,8
DA:224,7
DA:241,1
LF:28
LH:27
BRDA:42,0,0,0
BRDA:42,0,1,70
BRDA:44,1,0,14
BRDA:44,1,1,56
BRDA:46,2,0,0
BRDA:46,2,1,70
BRDA:50,3,0,0
BRDA:50,3,1,70
BRDA:55,4,0,70
BRDA:55,4,1,42
BRDA:55,4,2,42
BRDA:58,5,0,70
BRDA:58,5,1,14
BRDA:59,6,0,14
BRDA:59,6,1,0
BRDA:85,7,0,21
BRDA:85,7,1,7
BRDA:92,8,0,7
BRDA:92,8,1,14
BRDA:94,9,0,7
BRDA:94,9,1,14
BRDA:139,10,0,7
BRDA:139,10,1,1
BRDA:184,11,0,0
BRDA:184,11,1,8
BRDA:184,12,0,0
BRDA:184,12,1,8
BRDA:226,13,0,0
BRDA:226,13,1,7
BRF:29
BRH:22
end_of_record
TN:
SF:src/components/drawer/Switch.tsx
FN:10,Switch
FN:15,(anonymous_1)
FNF:2
FNH:2
FNDA:26,Switch
FNDA:1,(anonymous_1)
DA:11,26
DA:12,26
DA:15,1
LF:3
LH:3
BRDA:22,0,0,15
BRDA:22,0,1,11
BRDA:28,1,0,2
BRDA:28,1,1,24
BRDA:34,2,0,15
BRDA:34,2,1,11
BRF:6
BRH:6
end_of_record
TN:
SF:src/components/home/ToolsStrip.tsx
FN:27,ToolsStrip
FN:36,(anonymous_1)
FNF:2
FNH:2
FNDA:14,ToolsStrip
FNDA:57,(anonymous_1)
DA:19,2
DA:28,14
DA:29,14
DA:37,57
LF:4
LH:4
BRDA:27,0,0,11
BRF:1
BRH:1
end_of_record
TN:
SF:src/components/home/WelcomeSection.tsx
FN:17,WelcomeSection
FNF:1
FNH:1
FNDA:15,WelcomeSection
DA:18,15
DA:21,15
DA:23,15
LF:3
LH:3
BRDA:50,0,0,15
BRDA:50,0,1,11
BRF:2
BRH:2
end_of_record
TN:
SF:src/components/input/AttachmentButton.tsx
FN:7,AttachmentButton
FN:16,(anonymous_1)
FNF:2
FNH:2
FNDA:25,AttachmentButton
FNDA:25,(anonymous_1)
DA:8,25
DA:9,25
DA:16,25
LF:3
LH:3
BRDA:7,0,0,25
BRDA:22,1,0,0
BRDA:22,1,1,25
BRF:3
BRH:2
end_of_record
TN:
SF:src/components/input/InputBar.tsx
FN:15,InputBar
FN:19,(anonymous_1)
FNF:2
FNH:2
FNDA:25,InputBar
FNDA:1,(anonymous_1)
DA:16,25
DA:17,25
DA:19,25
DA:20,1
DA:21,1
DA:22,1
DA:23,1
DA:26,25
DA:46,3
LF:9
LH:9
BRDA:21,0,0,0
BRDA:21,0,1,1
BRDA:37,1,0,2
BRDA:37,1,1,23
BRF:4
BRH:3
end_of_record
TN:
SF:src/components/input/MicButton.tsx
FN:7,MicButton
FN:14,(anonymous_1)
FNF:2
FNH:2
FNDA:23,MicButton
FNDA:23,(anonymous_1)
DA:8,23
DA:9,23
DA:14,23
LF:3
LH:3
BRDA:7,0,0,0
BRDA:20,1,0,0
BRDA:20,1,1,23
BRF:3
BRH:1
end_of_record
TN:
SF:src/components/input/SendButton.tsx
FN:7,SendButton
FN:15,(anonymous_1)
FNF:2
FNH:2
FNDA:2,SendButton
FNDA:2,(anonymous_1)
DA:8,2
DA:9,2
DA:15,2
LF:3
LH:3
BRDA:7,0,0,0
BRDA:21,1,0,0
BRDA:21,1,1,2
BRDA:23,2,0,0
BRDA:23,2,1,2
BRDA:28,3,0,0
BRDA:28,3,1,2
BRF:7
BRH:3
end_of_record
TN:
SF:src/components/input/TextField.tsx
FN:10,TextField
FN:15,(anonymous_1)
FNF:2
FNH:1
FNDA:25,TextField
FNDA:0,(anonymous_1)
DA:11,25
DA:12,25
DA:14,25
DA:16,0
DA:17,0
DA:22,25
LF:6
LH:4
BRDA:10,0,0,25
BRDA:10,1,0,25
BRF:2
BRH:2
end_of_record
TN:
SF:src/components/sheets/AttachmentSheet.tsx
FN:29,EntryGrid
FN:33,(anonymous_1)
FN:36,(anonymous_2)
FN:37,(anonymous_3)
FN:73,AttachmentSheet
FN:95,(anonymous_5)
FNF:6
FNH:5
FNDA:5,EntryGrid
FNDA:20,(anonymous_1)
FNDA:0,(anonymous_2)
FNDA:20,(anonymous_3)
FNDA:6,AttachmentSheet
FNDA:18,(anonymous_5)
DA:22,1
DA:30,5
DA:31,5
DA:34,20
DA:37,20
DA:65,1
DA:74,6
DA:76,6
DA:96,18
LF:9
LH:9
BRDA:47,0,0,0
BRDA:47,0,1,20
BRF:2
BRH:1
end_of_record
TN:
SF:src/components/sheets/BottomSheet.tsx
FN:13,BottomSheet
FNF:1
FNH:1
FNDA:38,BottomSheet
DA:14,38
DA:15,38
LF:2
LH:2
BRF:0
BRH:0
end_of_record
TN:
SF:src/components/sheets/FileCard.tsx
FN:11,FileCard
FNF:1
FNH:1
FNDA:19,FileCard
DA:12,19
DA:14,19
LF:2
LH:2
BRDA:56,0,0,19
BRDA:56,0,1,17
BRF:2
BRH:2
end_of_record
TN:
SF:src/components/sheets/ModelOption.tsx
FN:13,ModelOptionRow
FN:19,(anonymous_1)
FN:20,(anonymous_2)
FNF:3
FNH:3
FNDA:89,ModelOptionRow
FNDA:1,(anonymous_1)
FNDA:89,(anonymous_2)
DA:14,89
DA:16,89
DA:19,1
DA:20,89
LF:4
LH:4
BRDA:27,0,0,0
BRDA:27,0,1,89
BRDA:28,1,0,26
BRDA:28,1,1,63
BRDA:33,2,0,10
BRDA:33,2,1,79
BRDA:62,3,0,89
BRDA:62,3,1,10
BRDA:74,4,0,89
BRDA:74,4,1,25
BRDA:77,5,0,25
BRDA:77,5,1,0
BRDA:108,6,0,89
BRDA:108,6,1,26
BRF:14
BRH:12
end_of_record
TN:
SF:src/components/sheets/ModelSwitchSheet.tsx
FN:105,Section
FN:121,ModelSwitchSheet
FN:129,(anonymous_2)
FN:136,(anonymous_3)
FN:147,(anonymous_4)
FNF:5
FNH:5
FNDA:24,Section
FNDA:9,ModelSwitchSheet
FNDA:27,(anonymous_2)
FNDA:36,(anonymous_3)
FNDA:27,(anonymous_4)
DA:16,1
DA:45,1
DA:76,1
DA:106,24
DA:107,24
DA:122,9
DA:124,9
DA:130,27
DA:137,36
DA:148,27
LF:10
LH:10
BRF:0
BRH:0
end_of_record
TN:
SF:src/components/sheets/SheetHeader.tsx
FN:16,SheetHeader
FNF:1
FNH:1
FNDA:8,SheetHeader
DA:17,8
DA:19,8
DA:48,2
LF:3
LH:3
BRDA:32,0,0,8
BRDA:32,0,1,1
BRDA:38,1,0,2
BRDA:38,1,1,6
BRDA:40,2,0,1
BRDA:40,2,1,5
BRF:6
BRH:6
end_of_record
TN:
SF:src/components/topbar/IconButton.tsx
FN:13,IconButton
FN:20,(anonymous_1)
FNF:2
FNH:2
FNDA:51,IconButton
FNDA:51,(anonymous_1)
DA:14,51
DA:15,51
DA:20,51
LF:3
LH:3
BRDA:13,0,0,20
BRDA:18,1,0,51
BRDA:18,1,1,0
BRDA:27,2,0,0
BRDA:27,2,1,51
BRF:5
BRH:3
end_of_record
TN:
SF:src/hooks/useTheme.ts
FN:16,useTheme
FNF:1
FNH:1
FNDA:699,useTheme
DA:14,27
DA:17,699
DA:18,698
DA:19,1
DA:21,697
LF:5
LH:5
BRDA:18,0,0,1
BRDA:18,0,1,697
BRF:2
BRH:2
end_of_record
TN:
SF:src/screens/ChatScreen.tsx
FN:12,ChatScreen
FN:14,(anonymous_1)
FN:15,(anonymous_2)
FN:16,(anonymous_3)
FN:17,(anonymous_4)
FN:29,(anonymous_5)
FN:35,(anonymous_6)
FNF:7
FNH:6
FNDA:6,ChatScreen
FNDA:18,(anonymous_1)
FNDA:18,(anonymous_2)
FNDA:18,(anonymous_3)
FNDA:18,(anonymous_4)
FNDA:2,(anonymous_5)
FNDA:0,(anonymous_6)
DA:13,6
DA:14,18
DA:15,18
DA:16,18
DA:17,18
DA:19,6
DA:22,6
DA:24,6
DA:30,2
DA:36,0
DA:37,0
DA:47,0
LF:12
LH:9
BRDA:19,0,0,1
BRDA:19,0,1,5
BRDA:20,1,0,1
BRDA:20,1,1,0
BRDA:32,2,0,6
BRDA:32,2,1,1
BRDA:36,3,0,0
BRDA:36,3,1,0
BRF:8
BRH:5
end_of_record
TN:
SF:src/screens/HomeScreen.tsx
FN:47,HomeScreen
FN:64,(anonymous_1)
FN:81,(anonymous_2)
FN:93,(anonymous_3)
FN:96,(anonymous_4)
FN:100,(anonymous_5)
FN:104,(anonymous_6)
FN:108,(anonymous_7)
FN:113,(anonymous_8)
FN:179,(anonymous_9)
FN:184,(anonymous_10)
FN:200,(anonymous_11)
FNF:12
FNH:6
FNDA:11,HomeScreen
FNDA:1,(anonymous_1)
FNDA:0,(anonymous_2)
FNDA:0,(anonymous_3)
FNDA:0,(anonymous_4)
FNDA:1,(anonymous_5)
FNDA:1,(anonymous_6)
FNDA:1,(anonymous_7)
FNDA:0,(anonymous_8)
FNDA:0,(anonymous_9)
FNDA:0,(anonymous_10)
FNDA:20,(anonymous_11)
DA:22,1
DA:24,1
DA:48,11
DA:49,10
DA:50,10
DA:51,10
DA:62,10
DA:64,10
DA:65,1
DA:66,1
DA:81,10
DA:82,0
DA:93,0
DA:96,10
DA:97,0
DA:100,10
DA:101,1
DA:104,10
DA:105,1
DA:108,10
DA:109,1
DA:112,10
DA:114,0
DA:119,10
DA:184,0
DA:201,20
DA:224,1
LF:27
LH:22
BRDA:148,0,0,10
BRDA:148,0,1,1
BRDA:162,1,0,1
BRDA:162,1,1,9
BRF:4
BRH:4
end_of_record
TN:
SF:src/stores/chatStore.ts
FN:28,loadInitial
FN:53,persist
FN:63,generateId
FN:67,(anonymous_3)
FN:71,(anonymous_4)
FN:73,(anonymous_5)
FN:78,(anonymous_6)
FN:88,(anonymous_7)
FN:96,(anonymous_8)
FN:97,(anonymous_9)
FN:106,(anonymous_10)
FN:107,(anonymous_11)
FN:119,(anonymous_12)
FN:120,(anonymous_13)
FN:138,(anonymous_14)
FN:139,(anonymous_15)
FN:147,(anonymous_16)
FN:158,(anonymous_17)
FN:159,(anonymous_18)
FN:167,(anonymous_19)
FN:176,(anonymous_20)
FN:177,(anonymous_21)
FNF:22
FNH:22
FNDA:5,loadInitial
FNDA:40,persist
FNDA:18,generateId
FNDA:5,(anonymous_3)
FNDA:4,(anonymous_4)
FNDA:3,(anonymous_5)
FNDA:18,(anonymous_6)
FNDA:18,(anonymous_7)
FNDA:2,(anonymous_8)
FNDA:2,(anonymous_9)
FNDA:1,(anonymous_10)
FNDA:1,(anonymous_11)
FNDA:12,(anonymous_12)
FNDA:12,(anonymous_13)
FNDA:2,(anonymous_14)
FNDA:2,(anonymous_15)
FNDA:2,(anonymous_16)
FNDA:1,(anonymous_17)
FNDA:1,(anonymous_18)
FNDA:2,(anonymous_19)
FNDA:1,(anonymous_20)
FNDA:1,(anonymous_21)
DA:5,5
DA:6,5
DA:23,5
DA:29,5
DA:30,5
DA:31,3
DA:32,3
DA:34,0
DA:54,40
DA:64,18
DA:67,5
DA:71,4
DA:74,3
DA:75,3
DA:79,18
DA:80,18
DA:81,18
DA:88,18
DA:92,18
DA:93,18
DA:97,2
DA:98,2
DA:100,2
DA:101,2
DA:103,2
DA:107,1
DA:108,1
DA:109,1
DA:116,1
DA:120,12
DA:121,12
DA:122,12
DA:123,12
DA:135,12
DA:139,2
DA:140,2
DA:141,2
DA:142,2
DA:148,2
DA:155,2
DA:159,1
DA:160,1
DA:161,1
DA:162,1
DA:167,2
DA:173,1
DA:177,1
DA:178,1
DA:179,1
DA:180,1
DA:187,1
LF:51
LH:50
BRDA:30,0,0,2
BRDA:30,0,1,3
BRDA:100,1,0,1
BRDA:100,1,1,1
BRDA:108,2,0,0
BRDA:108,2,1,1
BRDA:122,3,0,0
BRDA:122,3,1,12
BRDA:124,4,0,11
BRDA:124,4,1,1
BRDA:141,5,0,0
BRDA:141,5,1,2
BRDA:148,6,0,2
BRDA:148,6,1,0
BRDA:161,7,0,0
BRDA:161,7,1,1
BRDA:179,8,0,0
BRDA:179,8,1,1
BRF:18
BRH:12
end_of_record
TN:
SF:src/stores/settingsStore.ts
FN:31,loadInitial
FN:51,persist
FN:66,(anonymous_2)
FN:68,(anonymous_3)
FN:72,(anonymous_4)
FN:76,(anonymous_5)
FN:80,(anonymous_6)
FN:84,(anonymous_7)
FN:88,(anonymous_8)
FN:92,(anonymous_9)
FNF:10
FNH:10
FNDA:38,loadInitial
FNDA:24,persist
FNDA:38,(anonymous_2)
FNDA:3,(anonymous_3)
FNDA:6,(anonymous_4)
FNDA:4,(anonymous_5)
FNDA:3,(anonymous_6)
FNDA:3,(anonymous_7)
FNDA:3,(anonymous_8)
FNDA:2,(anonymous_9)
DA:4,38
DA:5,38
DA:21,38
DA:32,38
DA:33,38
DA:34,8
DA:35,8
DA:37,0
DA:52,24
DA:66,38
DA:69,3
DA:70,3
DA:73,6
DA:74,6
DA:77,4
DA:78,4
DA:81,3
DA:82,3
DA:85,3
DA:86,3
DA:89,3
DA:90,3
DA:93,2
DA:94,2
LF:24
LH:23
BRDA:33,0,0,30
BRDA:33,0,1,8
BRF:2
BRH:2
end_of_record
TN:
SF:src/stores/sheetStore.ts
FN:42,(anonymous_0)
FN:45,(anonymous_1)
FN:47,(anonymous_2)
FN:48,(anonymous_3)
FN:50,(anonymous_4)
FN:51,(anonymous_5)
FN:52,(anonymous_6)
FN:55,(anonymous_7)
FN:58,(anonymous_8)
FNF:9
FNH:9
FNDA:2,(anonymous_0)
FNDA:4,(anonymous_1)
FNDA:3,(anonymous_2)
FNDA:1,(anonymous_3)
FNDA:3,(anonymous_4)
FNDA:1,(anonymous_5)
FNDA:4,(anonymous_6)
FNDA:1,(anonymous_7)
FNDA:1,(anonymous_8)
DA:9,2
DA:20,2
DA:42,2
DA:45,4
DA:47,3
DA:48,1
DA:50,3
DA:51,1
DA:53,4
DA:56,1
DA:58,1
LF:11
LH:11
BRF:0
BRH:0
end_of_record
TN:
SF:src/theme/dark.ts
FNF:0
FNH:0
DA:4,28
LF:1
LH:1
BRF:0
BRH:0
end_of_record
TN:
SF:src/theme/light.ts
FNF:0
FNH:0
DA:2,28
LF:1
LH:1
BRF:0
BRH:0
end_of_record
TN:
SF:src/theme/tokens.ts
FNF:0
FNH:0
DA:2,28
LF:1
LH:1
BRF:0
BRH:0
end_of_record
